#
# A fatal error has been detected by the Java Runtime Environment:
#
#  SIGSEGV (0xb) at pc=0x00007f98cd5e8009, pid=31770, tid=31806
#
# JRE version: OpenJDK Runtime Environment (9.0) (build 9-internal+0-2016-04-14-195246.buildd.src)
# Java VM: OpenJDK 64-Bit Server VM (9-internal+0-2016-04-14-195246.buildd.src, mixed mode, tiered, compressed oops, g1 gc, linux-amd64)
# Problematic frame:
# C  [libjava.so+0x1d009]  JNU_GetEnv+0x19
#
# Core dump will be written. Default location: Core dumps may be processed with "/usr/share/apport/apport %p %s %c %d %P" (or dumping to /home/ru/clojure/flights-pro/core.31770)
#
# If you would like to submit a bug report, please visit:
#   http://bugreport.java.com/bugreport/crash.jsp
# The crash happened outside the Java Virtual Machine in native code.
# See problematic frame for where to report the bug.
#

---------------  S U M M A R Y ------------

Command Line: -Dfile.encoding=UTF-8 -XX:-OmitStackTraceInFastThrow -XX:+TieredCompilation -XX:TieredStopAtLevel=1 -Dclojure.compile.path=/home/ru/clojure/flights-pro/target/classes -Dfligts-pro.version=0.1.0-SNAPSHOT -Dclojure.debug=false clojure.main -i /tmp/form-init2288605588386596069.clj

Host: AMD A4-6210 APU with AMD Radeon R3 Graphics, 4 cores, 6G, Linux Mint 18.3 Sylvia
Time: Tue May 22 23:02:50 2018 MSK elapsed time: 5 seconds (0d 0h 0m 5s)

---------------  T H R E A D  ---------------

Current thread (0x00007f98c908d800):  JavaThread "Safe Main Thread" daemon [_thread_in_native, id=31806, stack(0x00007f9846b4e000,0x00007f9846c4f000)]

Stack: [0x00007f9846b4e000,0x00007f9846c4f000],  sp=0x00007f9846c4be80,  free space=1015k
Native frames: (J=compiled Java code, j=interpreted, Vv=VM code, C=native code)
C  [libjava.so+0x1d009]  JNU_GetEnv+0x19
C  [libfontmanager.so+0x33f8e]
C  [libfreetype.so.6+0x14d2b]  FT_Stream_Seek+0x1b

Java frames: (J=compiled Java code, j=interpreted, Vv=VM code)
j  sun.font.FreetypeFontScaler.initNativeScaler(Lsun/font/Font2D;IIZI)J+0 java.desktop@9-internal
j  sun.font.FreetypeFontScaler.<init>(Lsun/font/Font2D;IZI)V+26 java.desktop@9-internal
v  ~StubRoutines::call_stub
j  sun.reflect.NativeConstructorAccessorImpl.newInstance0(Ljava/lang/reflect/Constructor;[Ljava/lang/Object;)Ljava/lang/Object;+0 java.base@9-internal
j  sun.reflect.NativeConstructorAccessorImpl.newInstance([Ljava/lang/Object;)Ljava/lang/Object;+85 java.base@9-internal
j  sun.reflect.DelegatingConstructorAccessorImpl.newInstance([Ljava/lang/Object;)Ljava/lang/Object;+5 java.base@9-internal
J 1973 C1  java.base@9-internal9-internal (73 bytes) @ 0x00007f98b253fcb4 [0x00007f98b253fbe0+0x00000000000000d4]
j  sun.font.FontScaler.getScaler(Lsun/font/Font2D;IZI)Lsun/font/FontScaler;+39 java.desktop@9-internal
j  sun.font.TrueTypeFont.getScaler()Lsun/font/FontScaler;+21 java.desktop@9-internal
j  sun.font.FileFontStrike.<init>(Lsun/font/FileFont;Lsun/font/FontStrikeDesc;)V+204 java.desktop@9-internal
j  sun.font.FileFont.createStrike(Lsun/font/FontStrikeDesc;)Lsun/font/FontStrike;+18 java.desktop@9-internal
j  sun.font.Font2D.getStrike(Lsun/font/FontStrikeDesc;Z)Lsun/font/FontStrike;+92 java.desktop@9-internal
j  sun.font.Font2D.getStrike(Lsun/font/FontStrikeDesc;)Lsun/font/FontStrike;+3 java.desktop@9-internal
j  sun.font.CompositeStrike.getStrikeForSlot(I)Lsun/font/PhysicalStrike;+23 java.desktop@9-internal
j  sun.font.CompositeStrike.getFontMetrics()Lsun/font/StrikeMetrics;+31 java.desktop@9-internal
j  sun.font.FontDesignMetrics.initMatrixAndMetrics()V+28 java.desktop@9-internal
j  sun.font.FontDesignMetrics.<init>(Ljava/awt/Font;Ljava/awt/font/FontRenderContext;)V+62 java.desktop@9-internal
j  sun.font.FontDesignMetrics.getMetrics(Ljava/awt/Font;Ljava/awt/font/FontRenderContext;)Lsun/font/FontDesignMetrics;+128 java.desktop@9-internal
j  sun.swing.SwingUtilities2.getFontMetrics(Ljavax/swing/JComponent;Ljava/awt/Font;)Ljava/awt/FontMetrics;+15 java.desktop@9-internal
j  javax.swing.JComponent.getFontMetrics(Ljava/awt/Font;)Ljava/awt/FontMetrics;+2 java.desktop@9-internal
j  javax.swing.plaf.basic.BasicLabelUI.getPreferredSize(Ljavax/swing/JComponent;)Ljava/awt/Dimension;+144 java.desktop@9-internal
j  javax.swing.JComponent.getPreferredSize()Ljava/awt/Dimension;+26 java.desktop@9-internal
j  java.awt.BorderLayout.preferredLayoutSize(Ljava/awt/Container;)Ljava/awt/Dimension;+157 java.desktop@9-internal
j  java.awt.Container.preferredSize()Ljava/awt/Dimension;+43 java.desktop@9-internal
j  java.awt.Container.getPreferredSize()Ljava/awt/Dimension;+1 java.desktop@9-internal
j  javax.swing.JComponent.getPreferredSize()Ljava/awt/Dimension;+39 java.desktop@9-internal
j  java.awt.BorderLayout.preferredLayoutSize(Ljava/awt/Container;)Ljava/awt/Dimension;+157 java.desktop@9-internal
j  java.awt.Container.preferredSize()Ljava/awt/Dimension;+43 java.desktop@9-internal
j  java.awt.Container.getPreferredSize()Ljava/awt/Dimension;+1 java.desktop@9-internal
j  javax.swing.JComponent.getPreferredSize()Ljava/awt/Dimension;+39 java.desktop@9-internal
j  javax.swing.JRootPane$RootLayout.preferredLayoutSize(Ljava/awt/Container;)Ljava/awt/Dimension;+26 java.desktop@9-internal
j  java.awt.Container.preferredSize()Ljava/awt/Dimension;+43 java.desktop@9-internal
j  java.awt.Container.getPreferredSize()Ljava/awt/Dimension;+1 java.desktop@9-internal
j  javax.swing.JComponent.getPreferredSize()Ljava/awt/Dimension;+39 java.desktop@9-internal
j  java.awt.BorderLayout.preferredLayoutSize(Ljava/awt/Container;)Ljava/awt/Dimension;+157 java.desktop@9-internal
j  java.awt.Container.preferredSize()Ljava/awt/Dimension;+43 java.desktop@9-internal
j  java.awt.Container.getPreferredSize()Ljava/awt/Dimension;+1 java.desktop@9-internal
j  java.awt.Window.pack()V+32 java.desktop@9-internal
j  edu.stanford.smi.protege.ui.SplashScreen.<init>()V+117
j  edu.stanford.smi.protege.Application.realmain([Ljava/lang/String;)V+7
j  edu.stanford.smi.protege.Application$3.run()V+4
v  ~StubRoutines::call_stub

siginfo: si_signo: 11 (SIGSEGV), si_code: 1 (SEGV_MAPERR), si_addr: 0x0000000000000000

Register to memory mapping:

RAX=0x0000000000000000 is an unknown value
RBX=0x0000000000000000 is an unknown value
RCX=0x0000000000000000 is an unknown value
RDX=0x0000000000010002 is an unknown value
RSP=0x00007f9846c4be80 is pointing into the stack for thread: 0x00007f98c908d800
RBP=0x00007f9846c4be90 is pointing into the stack for thread: 0x00007f98c908d800
RSI=0x0000000000010002 is an unknown value
RDI=0x0000000000000000 is an unknown value
R8 =0x0000000000000000 is an unknown value
R9 =0x0000000000000004 is an unknown value
R10=0x00000000000001db is an unknown value
R11=0x00007f98cd5e7ff0: JNU_GetEnv+0x0000000000000000 in /usr/lib/jvm/java-9-openjdk-amd64/lib/amd64/libjava.so at 0x00007f98cd5cb000
R12=0x00007f983c053d90 is an unknown value
R13=0x0000000000000000 is an unknown value
R14=0x0000000000000000 is an unknown value
R15=0x00007f983c053df0 is an unknown value


Registers:
RAX=0x0000000000000000, RBX=0x0000000000000000, RCX=0x0000000000000000, RDX=0x0000000000010002
RSP=0x00007f9846c4be80, RBP=0x00007f9846c4be90, RSI=0x0000000000010002, RDI=0x0000000000000000
R8 =0x0000000000000000, R9 =0x0000000000000004, R10=0x00000000000001db, R11=0x00007f98cd5e7ff0
R12=0x00007f983c053d90, R13=0x0000000000000000, R14=0x0000000000000000, R15=0x00007f983c053df0
RIP=0x00007f98cd5e8009, EFLAGS=0x0000000000010246, CSGSFS=0x002b000000000033, ERR=0x0000000000000004
  TRAPNO=0x000000000000000e

Top of Stack: (sp=0x00007f9846c4be80)
0x00007f9846c4be80:   0000000000000000 5df808f459249d00
0x00007f9846c4be90:   00007f9846c4bed0 00007f9847963f8e
0x00007f9846c4bea0:   00007f983c000078 00007f983c053d90
0x00007f9846c4beb0:   0000000000000000 0000000000000000
0x00007f9846c4bec0:   00007f983c053d90 00007f983c053df0
0x00007f9846c4bed0:   0000000000000000 00007f984769ad2b
0x00007f9846c4bee0:   0000000000000000 00007f984792cd80
0x00007f9846c4bef0:   0000000000000000 00007f98476ae8e0
0x00007f9846c4bf00:   0000000000000002 0000003200000008
0x00007f9846c4bf10:   0000000000000000 0000000000000000
0x00007f9846c4bf20:   0000006e0000005b 0000000000000000
0x00007f9846c4bf30:   0000000000000000 0000007c00000077
0x00007f9846c4bf40:   0202020202020202 0202020202020202
0x00007f9846c4bf50:   0000000000000000 0000000000000000
0x00007f9846c4bf60:   0101010101010101 00007f983c000020
0x00007f9846c4bf70:   0000000000000070 00007f9846c4c024
0x00007f9846c4bf80:   00007f983c0531c0 00007f983c053df0
0x00007f9846c4bf90:   00007f9846c4c024 00007f98cfcf6184
0x00007f9846c4bfa0:   00007f98cec6df00 00007f9846c4bfd4
0x00007f9846c4bfb0:   00007f98479299e0 5df808f459249d00
0x00007f9846c4bfc0:   0000000000000070 00007f983c052fb0
0x00007f9846c4bfd0:   00007f98479299e0 00007f9846c4c0e8
0x00007f9846c4bfe0:   00007f983c0531c0 00007f983c053df0
0x00007f9846c4bff0:   00007f983c054320 00007f984769d4c2
0x00007f9846c4c000:   0000000100000000 00007f9846c4c0f0
0x00007f9846c4c010:   0000000000000000 0000000000000000
0x00007f9846c4c020:   0000000046c4c0e8 5df808f459249d00
0x00007f9846c4c030:   00007f983c052fb0 00007f9846c4c0f0
0x00007f9846c4c040:   0000000000000000 00007f983c0530e8
0x00007f9846c4c050:   00007f9846c4c2f0 00007f983c053048
0x00007f9846c4c060:   00007f983c0531c0 00007f984769f581
0x00007f9846c4c070:   00007f9846c4c0f0 00007f984769f376 

Instructions: (pc=0x00007f98cd5e8009)
0x00007f98cd5e7fe9:   ff eb ea 0f 1f 40 00 55 89 f2 48 89 e5 48 83 ec
0x00007f98cd5e7ff9:   10 64 48 8b 04 25 28 00 00 00 48 89 45 f8 31 c0
0x00007f98cd5e8009:   48 8b 07 48 8d 75 f0 ff 50 30 48 8b 4d f8 64 48
0x00007f98cd5e8019:   33 0c 25 28 00 00 00 48 8b 45 f0 75 02 c9 c3 e8 


---------------  P R O C E S S  ---------------

Java Threads: ( => current thread )
  0x00007f983c035800 JavaThread "AWT-Shutdown" [_thread_blocked, id=31808, stack(0x00007f984674c000,0x00007f984684d000)]
  0x00007f983c01f800 JavaThread "Image Fetcher 0" daemon [_thread_blocked, id=31807, stack(0x00007f984684d000,0x00007f984694e000)]
=>0x00007f98c908d800 JavaThread "Safe Main Thread" daemon [_thread_in_native, id=31806, stack(0x00007f9846b4e000,0x00007f9846c4f000)]
  0x00007f98c8838800 JavaThread "AWT-XAWT" daemon [_thread_in_native, id=31805, stack(0x00007f9846c4f000,0x00007f9846d50000)]
  0x00007f98c835d000 JavaThread "Java2D Disposer" daemon [_thread_blocked, id=31804, stack(0x00007f9847160000,0x00007f9847261000)]
  0x00007f98c8215000 JavaThread "Service Thread" daemon [_thread_blocked, id=31798, stack(0x00007f9880ec4000,0x00007f9880fc5000)]
  0x00007f98c817b000 JavaThread "Common-Cleaner" daemon [_thread_blocked, id=31796, stack(0x00007f9880fc5000,0x00007f98810c6000)]
  0x00007f98c8153800 JavaThread "Sweeper thread" daemon [_thread_blocked, id=31795, stack(0x00007f98814f0000,0x00007f98815f1000)]
  0x00007f98c8151800 JavaThread "C1 CompilerThread2" daemon [_thread_blocked, id=31794, stack(0x00007f98815f1000,0x00007f98816f2000)]
  0x00007f98c814f800 JavaThread "C2 CompilerThread1" daemon [_thread_blocked, id=31793, stack(0x00007f98816f2000,0x00007f98817f3000)]
  0x00007f98c814d800 JavaThread "C2 CompilerThread0" daemon [_thread_blocked, id=31792, stack(0x00007f98817f3000,0x00007f98818f4000)]
  0x00007f98c8149800 JavaThread "Signal Dispatcher" daemon [_thread_blocked, id=31791, stack(0x00007f98818f4000,0x00007f98819f5000)]
  0x00007f98c8147800 JavaThread "Surrogate Locker Thread (Concurrent GC)" daemon [_thread_blocked, id=31790, stack(0x00007f98819f5000,0x00007f9881af6000)]
  0x00007f98c8134800 JavaThread "Finalizer" daemon [_thread_blocked, id=31789, stack(0x00007f9881eff000,0x00007f9882000000)]
  0x00007f98c8131000 JavaThread "Reference Handler" daemon [_thread_blocked, id=31788, stack(0x00007f98880ff000,0x00007f9888200000)]
  0x00007f98c8013000 JavaThread "main" [_thread_blocked, id=31774, stack(0x00007f98d034f000,0x00007f98d0450000)]

Other Threads:
  0x00007f98c8126800 VMThread [stack: 0x00007f98b0019000,0x00007f98b011a000] [id=31787]
  0x00007f98c8217800 WatcherThread [stack: 0x00007f9880dc3000,0x00007f9880ec4000] [id=31799]

Threads with active compile tasks:

VM state:not at safepoint (normal execution)

VM Mutex/Monitor currently owned by a thread: None

heap address: 0x0000000094000000, size: 1728 MB, Compressed Oops mode: 32-bit
Narrow klass base: 0x0000000000000000, Narrow klass shift: 3
Compressed class space size: 1073741824 Address: 0x0000000100000000

Heap:
 garbage-first heap   total 331776K, used 27152K [0x0000000094000000, 0x0000000094100a20, 0x0000000100000000)
  region size 1024K, 20 young (20480K), 4 survivors (4096K)
 Metaspace       used 26527K, capacity 28653K, committed 28800K, reserved 1071104K
  class space    used 5394K, capacity 6172K, committed 6272K, reserved 1048576K

Heap Regions: E=young(eden), S=young(survivor), O=old, HS=humongous(starts), HC=humongous(continues), CS=collection set, F=free, A=archive, TS=gc time stamp, AC=allocation context, TAMS=top-at-mark-start (previous, next)
|   0|0x0000000094000000, 0x0000000094100000, 0x0000000094100000|100%| O|  |TS  0|AC  0|TAMS 0x0000000094100000, 0x0000000094100000|
|   1|0x0000000094100000, 0x0000000094100000, 0x0000000094200000|  0%| F|  |TS  0|AC  0|TAMS 0x0000000094100000, 0x0000000094100000|
|   2|0x0000000094200000, 0x0000000094200000, 0x0000000094300000|  0%| F|  |TS  0|AC  0|TAMS 0x0000000094200000, 0x0000000094200000|
|   3|0x0000000094300000, 0x0000000094400000, 0x0000000094400000|100%| O|  |TS  0|AC  0|TAMS 0x0000000094400000, 0x0000000094400000|
|   4|0x0000000094400000, 0x0000000094500000, 0x0000000094500000|100%| O|  |TS  0|AC  0|TAMS 0x0000000094500000, 0x0000000094500000|
|   5|0x0000000094500000, 0x0000000094600000, 0x0000000094600000|100%| O|  |TS  0|AC  0|TAMS 0x0000000094600000, 0x0000000094600000|
|   6|0x0000000094600000, 0x0000000094700000, 0x0000000094700000|100%| O|  |TS  0|AC  0|TAMS 0x0000000094700000, 0x0000000094700000|
|   7|0x0000000094700000, 0x0000000094800000, 0x0000000094800000|100%| O|  |TS  0|AC  0|TAMS 0x0000000094800000, 0x0000000094800000|
|   8|0x0000000094800000, 0x0000000094900000, 0x0000000094900000|100%| O|  |TS  0|AC  0|TAMS 0x0000000094900000, 0x0000000094900000|
|   9|0x0000000094900000, 0x0000000094994200, 0x0000000094a00000| 57%| O|  |TS  0|AC  0|TAMS 0x0000000094994200, 0x0000000094994200|
|  10|0x0000000094a00000, 0x0000000094a00000, 0x0000000094b00000|  0%| F|  |TS  0|AC  0|TAMS 0x0000000094a00000, 0x0000000094a00000|
|  11|0x0000000094b00000, 0x0000000094b00000, 0x0000000094c00000|  0%| F|  |TS  0|AC  0|TAMS 0x0000000094b00000, 0x0000000094b00000|
|  12|0x0000000094c00000, 0x0000000094c00000, 0x0000000094d00000|  0%| F|  |TS  0|AC  0|TAMS 0x0000000094c00000, 0x0000000094c00000|
|  13|0x0000000094d00000, 0x0000000094d00000, 0x0000000094e00000|  0%| F|  |TS  0|AC  0|TAMS 0x0000000094d00000, 0x0000000094d00000|
|  14|0x0000000094e00000, 0x0000000094e00000, 0x0000000094f00000|  0%| F|  |TS  0|AC  0|TAMS 0x0000000094e00000, 0x0000000094e00000|
|  15|0x0000000094f00000, 0x0000000094f00000, 0x0000000095000000|  0%| F|  |TS  0|AC  0|TAMS 0x0000000094f00000, 0x0000000094f00000|
|  16|0x0000000095000000, 0x0000000095000000, 0x0000000095100000|  0%| F|  |TS  0|AC  0|TAMS 0x0000000095000000, 0x0000000095000000|
|  17|0x0000000095100000, 0x0000000095100000, 0x0000000095200000|  0%| F|  |TS  0|AC  0|TAMS 0x0000000095100000, 0x0000000095100000|
|  18|0x0000000095200000, 0x0000000095200000, 0x0000000095300000|  0%| F|  |TS  0|AC  0|TAMS 0x0000000095200000, 0x0000000095200000|
|  19|0x0000000095300000, 0x0000000095300000, 0x0000000095400000|  0%| F|  |TS  0|AC  0|TAMS 0x0000000095300000, 0x0000000095300000|
|  20|0x0000000095400000, 0x0000000095400000, 0x0000000095500000|  0%| F|  |TS  0|AC  0|TAMS 0x0000000095400000, 0x0000000095400000|
|  21|0x0000000095500000, 0x0000000095500000, 0x0000000095600000|  0%| F|  |TS  0|AC  0|TAMS 0x0000000095500000, 0x0000000095500000|
|  22|0x0000000095600000, 0x0000000095600000, 0x0000000095700000|  0%| F|  |TS  0|AC  0|TAMS 0x0000000095600000, 0x0000000095600000|
|  23|0x0000000095700000, 0x0000000095700000, 0x0000000095800000|  0%| F|  |TS  0|AC  0|TAMS 0x0000000095700000, 0x0000000095700000|
|  24|0x0000000095800000, 0x0000000095800000, 0x0000000095900000|  0%| F|  |TS  0|AC  0|TAMS 0x0000000095800000, 0x0000000095800000|
|  25|0x0000000095900000, 0x0000000095900000, 0x0000000095a00000|  0%| F|  |TS  0|AC  0|TAMS 0x0000000095900000, 0x0000000095900000|
|  26|0x0000000095a00000, 0x0000000095a00000, 0x0000000095b00000|  0%| F|  |TS  0|AC  0|TAMS 0x0000000095a00000, 0x0000000095a00000|
|  27|0x0000000095b00000, 0x0000000095b00000, 0x0000000095c00000|  0%| F|  |TS  0|AC  0|TAMS 0x0000000095b00000, 0x0000000095b00000|
|  28|0x0000000095c00000, 0x0000000095c00000, 0x0000000095d00000|  0%| F|  |TS  0|AC  0|TAMS 0x0000000095c00000, 0x0000000095c00000|
|  29|0x0000000095d00000, 0x0000000095d00000, 0x0000000095e00000|  0%| F|  |TS  0|AC  0|TAMS 0x0000000095d00000, 0x0000000095d00000|
|  30|0x0000000095e00000, 0x0000000095e00000, 0x0000000095f00000|  0%| F|  |TS  0|AC  0|TAMS 0x0000000095e00000, 0x0000000095e00000|
|  31|0x0000000095f00000, 0x0000000095f00000, 0x0000000096000000|  0%| F|  |TS  0|AC  0|TAMS 0x0000000095f00000, 0x0000000095f00000|
|  32|0x0000000096000000, 0x0000000096000000, 0x0000000096100000|  0%| F|  |TS  0|AC  0|TAMS 0x0000000096000000, 0x0000000096000000|
|  33|0x0000000096100000, 0x0000000096100000, 0x0000000096200000|  0%| F|  |TS  0|AC  0|TAMS 0x0000000096100000, 0x0000000096100000|
|  34|0x0000000096200000, 0x0000000096200000, 0x0000000096300000|  0%| F|  |TS  0|AC  0|TAMS 0x0000000096200000, 0x0000000096200000|
|  35|0x0000000096300000, 0x0000000096300000, 0x0000000096400000|  0%| F|  |TS  0|AC  0|TAMS 0x0000000096300000, 0x0000000096300000|
|  36|0x0000000096400000, 0x0000000096400000, 0x0000000096500000|  0%| F|  |TS  0|AC  0|TAMS 0x0000000096400000, 0x0000000096400000|
|  37|0x0000000096500000, 0x0000000096500000, 0x0000000096600000|  0%| F|  |TS  0|AC  0|TAMS 0x0000000096500000, 0x0000000096500000|
|  38|0x0000000096600000, 0x0000000096600000, 0x0000000096700000|  0%| F|  |TS  0|AC  0|TAMS 0x0000000096600000, 0x0000000096600000|
|  39|0x0000000096700000, 0x0000000096700000, 0x0000000096800000|  0%| F|  |TS  0|AC  0|TAMS 0x0000000096700000, 0x0000000096700000|
|  40|0x0000000096800000, 0x0000000096800000, 0x0000000096900000|  0%| F|  |TS  0|AC  0|TAMS 0x0000000096800000, 0x0000000096800000|
|  41|0x0000000096900000, 0x0000000096900000, 0x0000000096a00000|  0%| F|  |TS  0|AC  0|TAMS 0x0000000096900000, 0x0000000096900000|
|  42|0x0000000096a00000, 0x0000000096a00000, 0x0000000096b00000|  0%| F|  |TS  0|AC  0|TAMS 0x0000000096a00000, 0x0000000096a00000|
|  43|0x0000000096b00000, 0x0000000096b00000, 0x0000000096c00000|  0%| F|  |TS  0|AC  0|TAMS 0x0000000096b00000, 0x0000000096b00000|
|  44|0x0000000096c00000, 0x0000000096c00000, 0x0000000096d00000|  0%| F|  |TS  0|AC  0|TAMS 0x0000000096c00000, 0x0000000096c00000|
|  45|0x0000000096d00000, 0x0000000096d00000, 0x0000000096e00000|  0%| F|  |TS  0|AC  0|TAMS 0x0000000096d00000, 0x0000000096d00000|
|  46|0x0000000096e00000, 0x0000000096e00000, 0x0000000096f00000|  0%| F|  |TS  0|AC  0|TAMS 0x0000000096e00000, 0x0000000096e00000|
|  47|0x0000000096f00000, 0x0000000096f00000, 0x0000000097000000|  0%| F|  |TS  0|AC  0|TAMS 0x0000000096f00000, 0x0000000096f00000|
|  48|0x0000000097000000, 0x0000000097000000, 0x0000000097100000|  0%| F|  |TS  0|AC  0|TAMS 0x0000000097000000, 0x0000000097000000|
|  49|0x0000000097100000, 0x0000000097100000, 0x0000000097200000|  0%| F|  |TS  0|AC  0|TAMS 0x0000000097100000, 0x0000000097100000|
|  50|0x0000000097200000, 0x0000000097200000, 0x0000000097300000|  0%| F|  |TS  0|AC  0|TAMS 0x0000000097200000, 0x0000000097200000|
|  51|0x0000000097300000, 0x0000000097300000, 0x0000000097400000|  0%| F|  |TS  0|AC  0|TAMS 0x0000000097300000, 0x0000000097300000|
|  52|0x0000000097400000, 0x0000000097400000, 0x0000000097500000|  0%| F|  |TS  0|AC  0|TAMS 0x0000000097400000, 0x0000000097400000|
|  53|0x0000000097500000, 0x0000000097500000, 0x0000000097600000|  0%| F|  |TS  0|AC  0|TAMS 0x0000000097500000, 0x0000000097500000|
|  54|0x0000000097600000, 0x0000000097600000, 0x0000000097700000|  0%| F|  |TS  0|AC  0|TAMS 0x0000000097600000, 0x0000000097600000|
|  55|0x0000000097700000, 0x0000000097700000, 0x0000000097800000|  0%| F|  |TS  0|AC  0|TAMS 0x0000000097700000, 0x0000000097700000|
|  56|0x0000000097800000, 0x0000000097800000, 0x0000000097900000|  0%| F|  |TS  0|AC  0|TAMS 0x0000000097800000, 0x0000000097800000|
|  57|0x0000000097900000, 0x0000000097900000, 0x0000000097a00000|  0%| F|  |TS  0|AC  0|TAMS 0x0000000097900000, 0x0000000097900000|
|  58|0x0000000097a00000, 0x0000000097a00000, 0x0000000097b00000|  0%| F|  |TS  0|AC  0|TAMS 0x0000000097a00000, 0x0000000097a00000|
|  59|0x0000000097b00000, 0x0000000097b00000, 0x0000000097c00000|  0%| F|  |TS  0|AC  0|TAMS 0x0000000097b00000, 0x0000000097b00000|
|  60|0x0000000097c00000, 0x0000000097c00000, 0x0000000097d00000|  0%| F|  |TS  0|AC  0|TAMS 0x0000000097c00000, 0x0000000097c00000|
|  61|0x0000000097d00000, 0x0000000097d00000, 0x0000000097e00000|  0%| F|  |TS  0|AC  0|TAMS 0x0000000097d00000, 0x0000000097d00000|
|  62|0x0000000097e00000, 0x0000000097e00000, 0x0000000097f00000|  0%| F|  |TS  0|AC  0|TAMS 0x0000000097e00000, 0x0000000097e00000|
|  63|0x0000000097f00000, 0x0000000097f00000, 0x0000000098000000|  0%| F|  |TS  0|AC  0|TAMS 0x0000000097f00000, 0x0000000097f00000|
|  64|0x0000000098000000, 0x0000000098000000, 0x0000000098100000|  0%| F|  |TS  0|AC  0|TAMS 0x0000000098000000, 0x0000000098000000|
|  65|0x0000000098100000, 0x0000000098100000, 0x0000000098200000|  0%| F|  |TS  0|AC  0|TAMS 0x0000000098100000, 0x0000000098100000|
|  66|0x0000000098200000, 0x0000000098200000, 0x0000000098300000|  0%| F|  |TS  0|AC  0|TAMS 0x0000000098200000, 0x0000000098200000|
|  67|0x0000000098300000, 0x0000000098300000, 0x0000000098400000|  0%| F|  |TS  0|AC  0|TAMS 0x0000000098300000, 0x0000000098300000|
|  68|0x0000000098400000, 0x0000000098400000, 0x0000000098500000|  0%| F|  |TS  0|AC  0|TAMS 0x0000000098400000, 0x0000000098400000|
|  69|0x0000000098500000, 0x0000000098500000, 0x0000000098600000|  0%| F|  |TS  0|AC  0|TAMS 0x0000000098500000, 0x0000000098500000|
|  70|0x0000000098600000, 0x0000000098600000, 0x0000000098700000|  0%| F|  |TS  0|AC  0|TAMS 0x0000000098600000, 0x0000000098600000|
|  71|0x0000000098700000, 0x0000000098700000, 0x0000000098800000|  0%| F|  |TS  0|AC  0|TAMS 0x0000000098700000, 0x0000000098700000|
|  72|0x0000000098800000, 0x0000000098800000, 0x0000000098900000|  0%| F|  |TS  0|AC  0|TAMS 0x0000000098800000, 0x0000000098800000|
|  73|0x0000000098900000, 0x0000000098900000, 0x0000000098a00000|  0%| F|  |TS  0|AC  0|TAMS 0x0000000098900000, 0x0000000098900000|
|  74|0x0000000098a00000, 0x0000000098a00000, 0x0000000098b00000|  0%| F|  |TS  0|AC  0|TAMS 0x0000000098a00000, 0x0000000098a00000|
|  75|0x0000000098b00000, 0x0000000098b00000, 0x0000000098c00000|  0%| F|  |TS  0|AC  0|TAMS 0x0000000098b00000, 0x0000000098b00000|
|  76|0x0000000098c00000, 0x0000000098c00000, 0x0000000098d00000|  0%| F|  |TS  0|AC  0|TAMS 0x0000000098c00000, 0x0000000098c00000|
|  77|0x0000000098d00000, 0x0000000098d00000, 0x0000000098e00000|  0%| F|  |TS  0|AC  0|TAMS 0x0000000098d00000, 0x0000000098d00000|
|  78|0x0000000098e00000, 0x0000000098e00000, 0x0000000098f00000|  0%| F|  |TS  0|AC  0|TAMS 0x0000000098e00000, 0x0000000098e00000|
|  79|0x0000000098f00000, 0x0000000098f00000, 0x0000000099000000|  0%| F|  |TS  0|AC  0|TAMS 0x0000000098f00000, 0x0000000098f00000|
|  80|0x0000000099000000, 0x0000000099000000, 0x0000000099100000|  0%| F|  |TS  0|AC  0|TAMS 0x0000000099000000, 0x0000000099000000|
|  81|0x0000000099100000, 0x0000000099100000, 0x0000000099200000|  0%| F|  |TS  0|AC  0|TAMS 0x0000000099100000, 0x0000000099100000|
|  82|0x0000000099200000, 0x0000000099200000, 0x0000000099300000|  0%| F|  |TS  0|AC  0|TAMS 0x0000000099200000, 0x0000000099200000|
|  83|0x0000000099300000, 0x0000000099300000, 0x0000000099400000|  0%| F|  |TS  0|AC  0|TAMS 0x0000000099300000, 0x0000000099300000|
|  84|0x0000000099400000, 0x0000000099400000, 0x0000000099500000|  0%| F|  |TS  0|AC  0|TAMS 0x0000000099400000, 0x0000000099400000|
|  85|0x0000000099500000, 0x0000000099500000, 0x0000000099600000|  0%| F|  |TS  0|AC  0|TAMS 0x0000000099500000, 0x0000000099500000|
|  86|0x0000000099600000, 0x0000000099600000, 0x0000000099700000|  0%| F|  |TS  0|AC  0|TAMS 0x0000000099600000, 0x0000000099600000|
|  87|0x0000000099700000, 0x0000000099700000, 0x0000000099800000|  0%| F|  |TS  0|AC  0|TAMS 0x0000000099700000, 0x0000000099700000|
|  88|0x0000000099800000, 0x0000000099800000, 0x0000000099900000|  0%| F|  |TS  0|AC  0|TAMS 0x0000000099800000, 0x0000000099800000|
|  89|0x0000000099900000, 0x0000000099900000, 0x0000000099a00000|  0%| F|  |TS  0|AC  0|TAMS 0x0000000099900000, 0x0000000099900000|
|  90|0x0000000099a00000, 0x0000000099a00000, 0x0000000099b00000|  0%| F|  |TS  0|AC  0|TAMS 0x0000000099a00000, 0x0000000099a00000|
|  91|0x0000000099b00000, 0x0000000099b00000, 0x0000000099c00000|  0%| F|  |TS  0|AC  0|TAMS 0x0000000099b00000, 0x0000000099b00000|
|  92|0x0000000099c00000, 0x0000000099c00000, 0x0000000099d00000|  0%| F|  |TS  0|AC  0|TAMS 0x0000000099c00000, 0x0000000099c00000|
|  93|0x0000000099d00000, 0x0000000099d00000, 0x0000000099e00000|  0%| F|  |TS  0|AC  0|TAMS 0x0000000099d00000, 0x0000000099d00000|
|  94|0x0000000099e00000, 0x0000000099e00000, 0x0000000099f00000|  0%| F|  |TS  0|AC  0|TAMS 0x0000000099e00000, 0x0000000099e00000|
|  95|0x0000000099f00000, 0x0000000099f00000, 0x000000009a000000|  0%| F|  |TS  0|AC  0|TAMS 0x0000000099f00000, 0x0000000099f00000|
|  96|0x000000009a000000, 0x000000009a000000, 0x000000009a100000|  0%| F|  |TS  0|AC  0|TAMS 0x000000009a000000, 0x000000009a000000|
|  97|0x000000009a100000, 0x000000009a100000, 0x000000009a200000|  0%| F|  |TS  0|AC  0|TAMS 0x000000009a100000, 0x000000009a100000|
|  98|0x000000009a200000, 0x000000009a200000, 0x000000009a300000|  0%| F|  |TS  0|AC  0|TAMS 0x000000009a200000, 0x000000009a200000|
|  99|0x000000009a300000, 0x000000009a300000, 0x000000009a400000|  0%| F|  |TS  0|AC  0|TAMS 0x000000009a300000, 0x000000009a300000|
| 100|0x000000009a400000, 0x000000009a400000, 0x000000009a500000|  0%| F|  |TS  0|AC  0|TAMS 0x000000009a400000, 0x000000009a400000|
| 101|0x000000009a500000, 0x000000009a500000, 0x000000009a600000|  0%| F|  |TS  0|AC  0|TAMS 0x000000009a500000, 0x000000009a500000|
| 102|0x000000009a600000, 0x000000009a600000, 0x000000009a700000|  0%| F|  |TS  0|AC  0|TAMS 0x000000009a600000, 0x000000009a600000|
| 103|0x000000009a700000, 0x000000009a700000, 0x000000009a800000|  0%| F|  |TS  0|AC  0|TAMS 0x000000009a700000, 0x000000009a700000|
| 104|0x000000009a800000, 0x000000009a800000, 0x000000009a900000|  0%| F|  |TS  0|AC  0|TAMS 0x000000009a800000, 0x000000009a800000|
| 105|0x000000009a900000, 0x000000009a900000, 0x000000009aa00000|  0%| F|  |TS  0|AC  0|TAMS 0x000000009a900000, 0x000000009a900000|
| 106|0x000000009aa00000, 0x000000009aa00000, 0x000000009ab00000|  0%| F|  |TS  0|AC  0|TAMS 0x000000009aa00000, 0x000000009aa00000|
| 107|0x000000009ab00000, 0x000000009ab00000, 0x000000009ac00000|  0%| F|  |TS  0|AC  0|TAMS 0x000000009ab00000, 0x000000009ab00000|
| 108|0x000000009ac00000, 0x000000009ac00000, 0x000000009ad00000|  0%| F|  |TS  0|AC  0|TAMS 0x000000009ac00000, 0x000000009ac00000|
| 109|0x000000009ad00000, 0x000000009ad00000, 0x000000009ae00000|  0%| F|  |TS  0|AC  0|TAMS 0x000000009ad00000, 0x000000009ad00000|
| 110|0x000000009ae00000, 0x000000009ae00000, 0x000000009af00000|  0%| F|  |TS  0|AC  0|TAMS 0x000000009ae00000, 0x000000009ae00000|
| 111|0x000000009af00000, 0x000000009af00000, 0x000000009b000000|  0%| F|  |TS  0|AC  0|TAMS 0x000000009af00000, 0x000000009af00000|
| 112|0x000000009b000000, 0x000000009b000000, 0x000000009b100000|  0%| F|  |TS  0|AC  0|TAMS 0x000000009b000000, 0x000000009b000000|
| 113|0x000000009b100000, 0x000000009b100000, 0x000000009b200000|  0%| F|  |TS  0|AC  0|TAMS 0x000000009b100000, 0x000000009b100000|
| 114|0x000000009b200000, 0x000000009b200000, 0x000000009b300000|  0%| F|  |TS  0|AC  0|TAMS 0x000000009b200000, 0x000000009b200000|
| 115|0x000000009b300000, 0x000000009b300000, 0x000000009b400000|  0%| F|  |TS  0|AC  0|TAMS 0x000000009b300000, 0x000000009b300000|
| 116|0x000000009b400000, 0x000000009b400000, 0x000000009b500000|  0%| F|  |TS  0|AC  0|TAMS 0x000000009b400000, 0x000000009b400000|
| 117|0x000000009b500000, 0x000000009b500000, 0x000000009b600000|  0%| F|  |TS  0|AC  0|TAMS 0x000000009b500000, 0x000000009b500000|
| 118|0x000000009b600000, 0x000000009b600000, 0x000000009b700000|  0%| F|  |TS  0|AC  0|TAMS 0x000000009b600000, 0x000000009b600000|
| 119|0x000000009b700000, 0x000000009b700000, 0x000000009b800000|  0%| F|  |TS  0|AC  0|TAMS 0x000000009b700000, 0x000000009b700000|
| 120|0x000000009b800000, 0x000000009b800000, 0x000000009b900000|  0%| F|  |TS  0|AC  0|TAMS 0x000000009b800000, 0x000000009b800000|
| 121|0x000000009b900000, 0x000000009b900000, 0x000000009ba00000|  0%| F|  |TS  0|AC  0|TAMS 0x000000009b900000, 0x000000009b900000|
| 122|0x000000009ba00000, 0x000000009ba00000, 0x000000009bb00000|  0%| F|  |TS  0|AC  0|TAMS 0x000000009ba00000, 0x000000009ba00000|
| 123|0x000000009bb00000, 0x000000009bb00000, 0x000000009bc00000|  0%| F|  |TS  0|AC  0|TAMS 0x000000009bb00000, 0x000000009bb00000|
| 124|0x000000009bc00000, 0x000000009bc00000, 0x000000009bd00000|  0%| F|  |TS  0|AC  0|TAMS 0x000000009bc00000, 0x000000009bc00000|
| 125|0x000000009bd00000, 0x000000009bd00000, 0x000000009be00000|  0%| F|  |TS  0|AC  0|TAMS 0x000000009bd00000, 0x000000009bd00000|
| 126|0x000000009be00000, 0x000000009be00000, 0x000000009bf00000|  0%| F|  |TS  0|AC  0|TAMS 0x000000009be00000, 0x000000009be00000|
| 127|0x000000009bf00000, 0x000000009bf00000, 0x000000009c000000|  0%| F|  |TS  0|AC  0|TAMS 0x000000009bf00000, 0x000000009bf00000|
| 128|0x000000009c000000, 0x000000009c000000, 0x000000009c100000|  0%| F|  |TS  0|AC  0|TAMS 0x000000009c000000, 0x000000009c000000|
| 129|0x000000009c100000, 0x000000009c100000, 0x000000009c200000|  0%| F|  |TS  0|AC  0|TAMS 0x000000009c100000, 0x000000009c100000|
| 130|0x000000009c200000, 0x000000009c200000, 0x000000009c300000|  0%| F|  |TS  0|AC  0|TAMS 0x000000009c200000, 0x000000009c200000|
| 131|0x000000009c300000, 0x000000009c300000, 0x000000009c400000|  0%| F|  |TS  0|AC  0|TAMS 0x000000009c300000, 0x000000009c300000|
| 132|0x000000009c400000, 0x000000009c400000, 0x000000009c500000|  0%| F|  |TS  0|AC  0|TAMS 0x000000009c400000, 0x000000009c400000|
| 133|0x000000009c500000, 0x000000009c500000, 0x000000009c600000|  0%| F|  |TS  0|AC  0|TAMS 0x000000009c500000, 0x000000009c500000|
| 134|0x000000009c600000, 0x000000009c600000, 0x000000009c700000|  0%| F|  |TS  0|AC  0|TAMS 0x000000009c600000, 0x000000009c600000|
| 135|0x000000009c700000, 0x000000009c700000, 0x000000009c800000|  0%| F|  |TS  0|AC  0|TAMS 0x000000009c700000, 0x000000009c700000|
| 136|0x000000009c800000, 0x000000009c800000, 0x000000009c900000|  0%| F|  |TS  0|AC  0|TAMS 0x000000009c800000, 0x000000009c800000|
| 137|0x000000009c900000, 0x000000009c900000, 0x000000009ca00000|  0%| F|  |TS  0|AC  0|TAMS 0x000000009c900000, 0x000000009c900000|
| 138|0x000000009ca00000, 0x000000009ca00000, 0x000000009cb00000|  0%| F|  |TS  0|AC  0|TAMS 0x000000009ca00000, 0x000000009ca00000|
| 139|0x000000009cb00000, 0x000000009cb00000, 0x000000009cc00000|  0%| F|  |TS  0|AC  0|TAMS 0x000000009cb00000, 0x000000009cb00000|
| 140|0x000000009cc00000, 0x000000009cc00000, 0x000000009cd00000|  0%| F|  |TS  0|AC  0|TAMS 0x000000009cc00000, 0x000000009cc00000|
| 141|0x000000009cd00000, 0x000000009cd00000, 0x000000009ce00000|  0%| F|  |TS  0|AC  0|TAMS 0x000000009cd00000, 0x000000009cd00000|
| 142|0x000000009ce00000, 0x000000009ce00000, 0x000000009cf00000|  0%| F|  |TS  0|AC  0|TAMS 0x000000009ce00000, 0x000000009ce00000|
| 143|0x000000009cf00000, 0x000000009cf00000, 0x000000009d000000|  0%| F|  |TS  0|AC  0|TAMS 0x000000009cf00000, 0x000000009cf00000|
| 144|0x000000009d000000, 0x000000009d000000, 0x000000009d100000|  0%| F|  |TS  0|AC  0|TAMS 0x000000009d000000, 0x000000009d000000|
| 145|0x000000009d100000, 0x000000009d100000, 0x000000009d200000|  0%| F|  |TS  0|AC  0|TAMS 0x000000009d100000, 0x000000009d100000|
| 146|0x000000009d200000, 0x000000009d200000, 0x000000009d300000|  0%| F|  |TS  0|AC  0|TAMS 0x000000009d200000, 0x000000009d200000|
| 147|0x000000009d300000, 0x000000009d300000, 0x000000009d400000|  0%| F|  |TS  0|AC  0|TAMS 0x000000009d300000, 0x000000009d300000|
| 148|0x000000009d400000, 0x000000009d400000, 0x000000009d500000|  0%| F|  |TS  0|AC  0|TAMS 0x000000009d400000, 0x000000009d400000|
| 149|0x000000009d500000, 0x000000009d500000, 0x000000009d600000|  0%| F|  |TS  0|AC  0|TAMS 0x000000009d500000, 0x000000009d500000|
| 150|0x000000009d600000, 0x000000009d600000, 0x000000009d700000|  0%| F|  |TS  0|AC  0|TAMS 0x000000009d600000, 0x000000009d600000|
| 151|0x000000009d700000, 0x000000009d700000, 0x000000009d800000|  0%| F|  |TS  0|AC  0|TAMS 0x000000009d700000, 0x000000009d700000|
| 152|0x000000009d800000, 0x000000009d800000, 0x000000009d900000|  0%| F|  |TS  0|AC  0|TAMS 0x000000009d800000, 0x000000009d800000|
| 153|0x000000009d900000, 0x000000009d900000, 0x000000009da00000|  0%| F|  |TS  0|AC  0|TAMS 0x000000009d900000, 0x000000009d900000|
| 154|0x000000009da00000, 0x000000009da00000, 0x000000009db00000|  0%| F|  |TS  0|AC  0|TAMS 0x000000009da00000, 0x000000009da00000|
| 155|0x000000009db00000, 0x000000009db00000, 0x000000009dc00000|  0%| F|  |TS  0|AC  0|TAMS 0x000000009db00000, 0x000000009db00000|
| 156|0x000000009dc00000, 0x000000009dc00000, 0x000000009dd00000|  0%| F|  |TS  0|AC  0|TAMS 0x000000009dc00000, 0x000000009dc00000|
| 157|0x000000009dd00000, 0x000000009dd00000, 0x000000009de00000|  0%| F|  |TS  0|AC  0|TAMS 0x000000009dd00000, 0x000000009dd00000|
| 158|0x000000009de00000, 0x000000009de00000, 0x000000009df00000|  0%| F|  |TS  0|AC  0|TAMS 0x000000009de00000, 0x000000009de00000|
| 159|0x000000009df00000, 0x000000009df00000, 0x000000009e000000|  0%| F|  |TS  0|AC  0|TAMS 0x000000009df00000, 0x000000009df00000|
| 160|0x000000009e000000, 0x000000009e000000, 0x000000009e100000|  0%| F|  |TS  0|AC  0|TAMS 0x000000009e000000, 0x000000009e000000|
| 161|0x000000009e100000, 0x000000009e100000, 0x000000009e200000|  0%| F|  |TS  0|AC  0|TAMS 0x000000009e100000, 0x000000009e100000|
| 162|0x000000009e200000, 0x000000009e200000, 0x000000009e300000|  0%| F|  |TS  0|AC  0|TAMS 0x000000009e200000, 0x000000009e200000|
| 163|0x000000009e300000, 0x000000009e300000, 0x000000009e400000|  0%| F|  |TS  0|AC  0|TAMS 0x000000009e300000, 0x000000009e300000|
| 164|0x000000009e400000, 0x000000009e400000, 0x000000009e500000|  0%| F|  |TS  0|AC  0|TAMS 0x000000009e400000, 0x000000009e400000|
| 165|0x000000009e500000, 0x000000009e500000, 0x000000009e600000|  0%| F|  |TS  0|AC  0|TAMS 0x000000009e500000, 0x000000009e500000|
| 166|0x000000009e600000, 0x000000009e600000, 0x000000009e700000|  0%| F|  |TS  0|AC  0|TAMS 0x000000009e600000, 0x000000009e600000|
| 167|0x000000009e700000, 0x000000009e700000, 0x000000009e800000|  0%| F|  |TS  0|AC  0|TAMS 0x000000009e700000, 0x000000009e700000|
| 168|0x000000009e800000, 0x000000009e800000, 0x000000009e900000|  0%| F|  |TS  0|AC  0|TAMS 0x000000009e800000, 0x000000009e800000|
| 169|0x000000009e900000, 0x000000009e900000, 0x000000009ea00000|  0%| F|  |TS  0|AC  0|TAMS 0x000000009e900000, 0x000000009e900000|
| 170|0x000000009ea00000, 0x000000009ea00000, 0x000000009eb00000|  0%| F|  |TS  0|AC  0|TAMS 0x000000009ea00000, 0x000000009ea00000|
| 171|0x000000009eb00000, 0x000000009eb00000, 0x000000009ec00000|  0%| F|  |TS  0|AC  0|TAMS 0x000000009eb00000, 0x000000009eb00000|
| 172|0x000000009ec00000, 0x000000009ec00000, 0x000000009ed00000|  0%| F|  |TS  0|AC  0|TAMS 0x000000009ec00000, 0x000000009ec00000|
| 173|0x000000009ed00000, 0x000000009ed00000, 0x000000009ee00000|  0%| F|  |TS  0|AC  0|TAMS 0x000000009ed00000, 0x000000009ed00000|
| 174|0x000000009ee00000, 0x000000009ee00000, 0x000000009ef00000|  0%| F|  |TS  0|AC  0|TAMS 0x000000009ee00000, 0x000000009ee00000|
| 175|0x000000009ef00000, 0x000000009ef00000, 0x000000009f000000|  0%| F|  |TS  0|AC  0|TAMS 0x000000009ef00000, 0x000000009ef00000|
| 176|0x000000009f000000, 0x000000009f000000, 0x000000009f100000|  0%| F|  |TS  0|AC  0|TAMS 0x000000009f000000, 0x000000009f000000|
| 177|0x000000009f100000, 0x000000009f100000, 0x000000009f200000|  0%| F|  |TS  0|AC  0|TAMS 0x000000009f100000, 0x000000009f100000|
| 178|0x000000009f200000, 0x000000009f200000, 0x000000009f300000|  0%| F|  |TS  0|AC  0|TAMS 0x000000009f200000, 0x000000009f200000|
| 179|0x000000009f300000, 0x000000009f300000, 0x000000009f400000|  0%| F|  |TS  0|AC  0|TAMS 0x000000009f300000, 0x000000009f300000|
| 180|0x000000009f400000, 0x000000009f400000, 0x000000009f500000|  0%| F|  |TS  0|AC  0|TAMS 0x000000009f400000, 0x000000009f400000|
| 181|0x000000009f500000, 0x000000009f500000, 0x000000009f600000|  0%| F|  |TS  0|AC  0|TAMS 0x000000009f500000, 0x000000009f500000|
| 182|0x000000009f600000, 0x000000009f600000, 0x000000009f700000|  0%| F|  |TS  0|AC  0|TAMS 0x000000009f600000, 0x000000009f600000|
| 183|0x000000009f700000, 0x000000009f700000, 0x000000009f800000|  0%| F|  |TS  0|AC  0|TAMS 0x000000009f700000, 0x000000009f700000|
| 184|0x000000009f800000, 0x000000009f800000, 0x000000009f900000|  0%| F|  |TS  0|AC  0|TAMS 0x000000009f800000, 0x000000009f800000|
| 185|0x000000009f900000, 0x000000009f900000, 0x000000009fa00000|  0%| F|  |TS  0|AC  0|TAMS 0x000000009f900000, 0x000000009f900000|
| 186|0x000000009fa00000, 0x000000009fa00000, 0x000000009fb00000|  0%| F|  |TS  0|AC  0|TAMS 0x000000009fa00000, 0x000000009fa00000|
| 187|0x000000009fb00000, 0x000000009fb00000, 0x000000009fc00000|  0%| F|  |TS  0|AC  0|TAMS 0x000000009fb00000, 0x000000009fb00000|
| 188|0x000000009fc00000, 0x000000009fc00000, 0x000000009fd00000|  0%| F|  |TS  0|AC  0|TAMS 0x000000009fc00000, 0x000000009fc00000|
| 189|0x000000009fd00000, 0x000000009fd00000, 0x000000009fe00000|  0%| F|  |TS  0|AC  0|TAMS 0x000000009fd00000, 0x000000009fd00000|
| 190|0x000000009fe00000, 0x000000009fe00000, 0x000000009ff00000|  0%| F|  |TS  0|AC  0|TAMS 0x000000009fe00000, 0x000000009fe00000|
| 191|0x000000009ff00000, 0x000000009ff00000, 0x00000000a0000000|  0%| F|  |TS  0|AC  0|TAMS 0x000000009ff00000, 0x000000009ff00000|
| 192|0x00000000a0000000, 0x00000000a0000000, 0x00000000a0100000|  0%| F|  |TS  0|AC  0|TAMS 0x00000000a0000000, 0x00000000a0000000|
| 193|0x00000000a0100000, 0x00000000a0100000, 0x00000000a0200000|  0%| F|  |TS  0|AC  0|TAMS 0x00000000a0100000, 0x00000000a0100000|
| 194|0x00000000a0200000, 0x00000000a0200000, 0x00000000a0300000|  0%| F|  |TS  0|AC  0|TAMS 0x00000000a0200000, 0x00000000a0200000|
| 195|0x00000000a0300000, 0x00000000a0300000, 0x00000000a0400000|  0%| F|  |TS  0|AC  0|TAMS 0x00000000a0300000, 0x00000000a0300000|
| 196|0x00000000a0400000, 0x00000000a0400000, 0x00000000a0500000|  0%| F|  |TS  0|AC  0|TAMS 0x00000000a0400000, 0x00000000a0400000|
| 197|0x00000000a0500000, 0x00000000a0500000, 0x00000000a0600000|  0%| F|  |TS  0|AC  0|TAMS 0x00000000a0500000, 0x00000000a0500000|
| 198|0x00000000a0600000, 0x00000000a0600000, 0x00000000a0700000|  0%| F|  |TS  0|AC  0|TAMS 0x00000000a0600000, 0x00000000a0600000|
| 199|0x00000000a0700000, 0x00000000a0700000, 0x00000000a0800000|  0%| F|  |TS  0|AC  0|TAMS 0x00000000a0700000, 0x00000000a0700000|
| 200|0x00000000a0800000, 0x00000000a0800000, 0x00000000a0900000|  0%| F|  |TS  0|AC  0|TAMS 0x00000000a0800000, 0x00000000a0800000|
| 201|0x00000000a0900000, 0x00000000a0900000, 0x00000000a0a00000|  0%| F|  |TS  0|AC  0|TAMS 0x00000000a0900000, 0x00000000a0900000|
| 202|0x00000000a0a00000, 0x00000000a0a00000, 0x00000000a0b00000|  0%| F|  |TS  0|AC  0|TAMS 0x00000000a0a00000, 0x00000000a0a00000|
| 203|0x00000000a0b00000, 0x00000000a0b00000, 0x00000000a0c00000|  0%| F|  |TS  0|AC  0|TAMS 0x00000000a0b00000, 0x00000000a0b00000|
| 204|0x00000000a0c00000, 0x00000000a0c00000, 0x00000000a0d00000|  0%| F|  |TS  0|AC  0|TAMS 0x00000000a0c00000, 0x00000000a0c00000|
| 205|0x00000000a0d00000, 0x00000000a0d00000, 0x00000000a0e00000|  0%| F|  |TS  0|AC  0|TAMS 0x00000000a0d00000, 0x00000000a0d00000|
| 206|0x00000000a0e00000, 0x00000000a0e00000, 0x00000000a0f00000|  0%| F|  |TS  0|AC  0|TAMS 0x00000000a0e00000, 0x00000000a0e00000|
| 207|0x00000000a0f00000, 0x00000000a0f00000, 0x00000000a1000000|  0%| F|  |TS  0|AC  0|TAMS 0x00000000a0f00000, 0x00000000a0f00000|
| 208|0x00000000a1000000, 0x00000000a1000000, 0x00000000a1100000|  0%| F|  |TS  0|AC  0|TAMS 0x00000000a1000000, 0x00000000a1000000|
| 209|0x00000000a1100000, 0x00000000a1100000, 0x00000000a1200000|  0%| F|  |TS  0|AC  0|TAMS 0x00000000a1100000, 0x00000000a1100000|
| 210|0x00000000a1200000, 0x00000000a1200000, 0x00000000a1300000|  0%| F|  |TS  0|AC  0|TAMS 0x00000000a1200000, 0x00000000a1200000|
| 211|0x00000000a1300000, 0x00000000a1300000, 0x00000000a1400000|  0%| F|  |TS  0|AC  0|TAMS 0x00000000a1300000, 0x00000000a1300000|
| 212|0x00000000a1400000, 0x00000000a1400000, 0x00000000a1500000|  0%| F|  |TS  0|AC  0|TAMS 0x00000000a1400000, 0x00000000a1400000|
| 213|0x00000000a1500000, 0x00000000a1500000, 0x00000000a1600000|  0%| F|  |TS  0|AC  0|TAMS 0x00000000a1500000, 0x00000000a1500000|
| 214|0x00000000a1600000, 0x00000000a1600000, 0x00000000a1700000|  0%| F|  |TS  0|AC  0|TAMS 0x00000000a1600000, 0x00000000a1600000|
| 215|0x00000000a1700000, 0x00000000a1700000, 0x00000000a1800000|  0%| F|  |TS  0|AC  0|TAMS 0x00000000a1700000, 0x00000000a1700000|
| 216|0x00000000a1800000, 0x00000000a1800000, 0x00000000a1900000|  0%| F|  |TS  0|AC  0|TAMS 0x00000000a1800000, 0x00000000a1800000|
| 217|0x00000000a1900000, 0x00000000a1900000, 0x00000000a1a00000|  0%| F|  |TS  0|AC  0|TAMS 0x00000000a1900000, 0x00000000a1900000|
| 218|0x00000000a1a00000, 0x00000000a1a00000, 0x00000000a1b00000|  0%| F|  |TS  0|AC  0|TAMS 0x00000000a1a00000, 0x00000000a1a00000|
| 219|0x00000000a1b00000, 0x00000000a1b00000, 0x00000000a1c00000|  0%| F|  |TS  0|AC  0|TAMS 0x00000000a1b00000, 0x00000000a1b00000|
| 220|0x00000000a1c00000, 0x00000000a1c00000, 0x00000000a1d00000|  0%| F|  |TS  0|AC  0|TAMS 0x00000000a1c00000, 0x00000000a1c00000|
| 221|0x00000000a1d00000, 0x00000000a1d00000, 0x00000000a1e00000|  0%| F|  |TS  0|AC  0|TAMS 0x00000000a1d00000, 0x00000000a1d00000|
| 222|0x00000000a1e00000, 0x00000000a1e00000, 0x00000000a1f00000|  0%| F|  |TS  0|AC  0|TAMS 0x00000000a1e00000, 0x00000000a1e00000|
| 223|0x00000000a1f00000, 0x00000000a1f00000, 0x00000000a2000000|  0%| F|  |TS  0|AC  0|TAMS 0x00000000a1f00000, 0x00000000a1f00000|
| 224|0x00000000a2000000, 0x00000000a2000000, 0x00000000a2100000|  0%| F|  |TS  0|AC  0|TAMS 0x00000000a2000000, 0x00000000a2000000|
| 225|0x00000000a2100000, 0x00000000a2100000, 0x00000000a2200000|  0%| F|  |TS  0|AC  0|TAMS 0x00000000a2100000, 0x00000000a2100000|
| 226|0x00000000a2200000, 0x00000000a2200000, 0x00000000a2300000|  0%| F|  |TS  0|AC  0|TAMS 0x00000000a2200000, 0x00000000a2200000|
| 227|0x00000000a2300000, 0x00000000a2300000, 0x00000000a2400000|  0%| F|  |TS  0|AC  0|TAMS 0x00000000a2300000, 0x00000000a2300000|
| 228|0x00000000a2400000, 0x00000000a2400000, 0x00000000a2500000|  0%| F|  |TS  0|AC  0|TAMS 0x00000000a2400000, 0x00000000a2400000|
| 229|0x00000000a2500000, 0x00000000a2500000, 0x00000000a2600000|  0%| F|  |TS  0|AC  0|TAMS 0x00000000a2500000, 0x00000000a2500000|
| 230|0x00000000a2600000, 0x00000000a2600000, 0x00000000a2700000|  0%| F|  |TS  0|AC  0|TAMS 0x00000000a2600000, 0x00000000a2600000|
| 231|0x00000000a2700000, 0x00000000a2700000, 0x00000000a2800000|  0%| F|  |TS  0|AC  0|TAMS 0x00000000a2700000, 0x00000000a2700000|
| 232|0x00000000a2800000, 0x00000000a2800000, 0x00000000a2900000|  0%| F|  |TS  0|AC  0|TAMS 0x00000000a2800000, 0x00000000a2800000|
| 233|0x00000000a2900000, 0x00000000a2900000, 0x00000000a2a00000|  0%| F|  |TS  0|AC  0|TAMS 0x00000000a2900000, 0x00000000a2900000|
| 234|0x00000000a2a00000, 0x00000000a2a00000, 0x00000000a2b00000|  0%| F|  |TS  0|AC  0|TAMS 0x00000000a2a00000, 0x00000000a2a00000|
| 235|0x00000000a2b00000, 0x00000000a2b00000, 0x00000000a2c00000|  0%| F|  |TS  0|AC  0|TAMS 0x00000000a2b00000, 0x00000000a2b00000|
| 236|0x00000000a2c00000, 0x00000000a2c00000, 0x00000000a2d00000|  0%| F|  |TS  0|AC  0|TAMS 0x00000000a2c00000, 0x00000000a2c00000|
| 237|0x00000000a2d00000, 0x00000000a2d00000, 0x00000000a2e00000|  0%| F|  |TS  0|AC  0|TAMS 0x00000000a2d00000, 0x00000000a2d00000|
| 238|0x00000000a2e00000, 0x00000000a2e00000, 0x00000000a2f00000|  0%| F|  |TS  0|AC  0|TAMS 0x00000000a2e00000, 0x00000000a2e00000|
| 239|0x00000000a2f00000, 0x00000000a2f00000, 0x00000000a3000000|  0%| F|  |TS  0|AC  0|TAMS 0x00000000a2f00000, 0x00000000a2f00000|
| 240|0x00000000a3000000, 0x00000000a3000000, 0x00000000a3100000|  0%| F|  |TS  0|AC  0|TAMS 0x00000000a3000000, 0x00000000a3000000|
| 241|0x00000000a3100000, 0x00000000a3100000, 0x00000000a3200000|  0%| F|  |TS  0|AC  0|TAMS 0x00000000a3100000, 0x00000000a3100000|
| 242|0x00000000a3200000, 0x00000000a3200000, 0x00000000a3300000|  0%| F|  |TS  0|AC  0|TAMS 0x00000000a3200000, 0x00000000a3200000|
| 243|0x00000000a3300000, 0x00000000a3300000, 0x00000000a3400000|  0%| F|  |TS  0|AC  0|TAMS 0x00000000a3300000, 0x00000000a3300000|
| 244|0x00000000a3400000, 0x00000000a3400000, 0x00000000a3500000|  0%| F|  |TS  0|AC  0|TAMS 0x00000000a3400000, 0x00000000a3400000|
| 245|0x00000000a3500000, 0x00000000a3500000, 0x00000000a3600000|  0%| F|  |TS  0|AC  0|TAMS 0x00000000a3500000, 0x00000000a3500000|
| 246|0x00000000a3600000, 0x00000000a3600000, 0x00000000a3700000|  0%| F|  |TS  0|AC  0|TAMS 0x00000000a3600000, 0x00000000a3600000|
| 247|0x00000000a3700000, 0x00000000a3700000, 0x00000000a3800000|  0%| F|  |TS  0|AC  0|TAMS 0x00000000a3700000, 0x00000000a3700000|
| 248|0x00000000a3800000, 0x00000000a3800000, 0x00000000a3900000|  0%| F|  |TS  0|AC  0|TAMS 0x00000000a3800000, 0x00000000a3800000|
| 249|0x00000000a3900000, 0x00000000a3900000, 0x00000000a3a00000|  0%| F|  |TS  0|AC  0|TAMS 0x00000000a3900000, 0x00000000a3900000|
| 250|0x00000000a3a00000, 0x00000000a3a00000, 0x00000000a3b00000|  0%| F|  |TS  0|AC  0|TAMS 0x00000000a3a00000, 0x00000000a3a00000|
| 251|0x00000000a3b00000, 0x00000000a3b00000, 0x00000000a3c00000|  0%| F|  |TS  0|AC  0|TAMS 0x00000000a3b00000, 0x00000000a3b00000|
| 252|0x00000000a3c00000, 0x00000000a3c00000, 0x00000000a3d00000|  0%| F|  |TS  0|AC  0|TAMS 0x00000000a3c00000, 0x00000000a3c00000|
| 253|0x00000000a3d00000, 0x00000000a3d00000, 0x00000000a3e00000|  0%| F|  |TS  0|AC  0|TAMS 0x00000000a3d00000, 0x00000000a3d00000|
| 254|0x00000000a3e00000, 0x00000000a3e00000, 0x00000000a3f00000|  0%| F|  |TS  0|AC  0|TAMS 0x00000000a3e00000, 0x00000000a3e00000|
| 255|0x00000000a3f00000, 0x00000000a3f00000, 0x00000000a4000000|  0%| F|  |TS  0|AC  0|TAMS 0x00000000a3f00000, 0x00000000a3f00000|
| 256|0x00000000a4000000, 0x00000000a4000000, 0x00000000a4100000|  0%| F|  |TS  0|AC  0|TAMS 0x00000000a4000000, 0x00000000a4000000|
| 257|0x00000000a4100000, 0x00000000a4100000, 0x00000000a4200000|  0%| F|  |TS  0|AC  0|TAMS 0x00000000a4100000, 0x00000000a4100000|
| 258|0x00000000a4200000, 0x00000000a4200000, 0x00000000a4300000|  0%| F|  |TS  0|AC  0|TAMS 0x00000000a4200000, 0x00000000a4200000|
| 259|0x00000000a4300000, 0x00000000a4300000, 0x00000000a4400000|  0%| F|  |TS  0|AC  0|TAMS 0x00000000a4300000, 0x00000000a4300000|
| 260|0x00000000a4400000, 0x00000000a4400000, 0x00000000a4500000|  0%| F|  |TS  0|AC  0|TAMS 0x00000000a4400000, 0x00000000a4400000|
| 261|0x00000000a4500000, 0x00000000a4500000, 0x00000000a4600000|  0%| F|  |TS  0|AC  0|TAMS 0x00000000a4500000, 0x00000000a4500000|
| 262|0x00000000a4600000, 0x00000000a4600000, 0x00000000a4700000|  0%| F|  |TS  0|AC  0|TAMS 0x00000000a4600000, 0x00000000a4600000|
| 263|0x00000000a4700000, 0x00000000a4700000, 0x00000000a4800000|  0%| F|  |TS  0|AC  0|TAMS 0x00000000a4700000, 0x00000000a4700000|
| 264|0x00000000a4800000, 0x00000000a4800000, 0x00000000a4900000|  0%| F|  |TS  0|AC  0|TAMS 0x00000000a4800000, 0x00000000a4800000|
| 265|0x00000000a4900000, 0x00000000a4900000, 0x00000000a4a00000|  0%| F|  |TS  0|AC  0|TAMS 0x00000000a4900000, 0x00000000a4900000|
| 266|0x00000000a4a00000, 0x00000000a4a00000, 0x00000000a4b00000|  0%| F|  |TS  0|AC  0|TAMS 0x00000000a4a00000, 0x00000000a4a00000|
| 267|0x00000000a4b00000, 0x00000000a4b00000, 0x00000000a4c00000|  0%| F|  |TS  0|AC  0|TAMS 0x00000000a4b00000, 0x00000000a4b00000|
| 268|0x00000000a4c00000, 0x00000000a4c00000, 0x00000000a4d00000|  0%| F|  |TS  0|AC  0|TAMS 0x00000000a4c00000, 0x00000000a4c00000|
| 269|0x00000000a4d00000, 0x00000000a4d00000, 0x00000000a4e00000|  0%| F|  |TS  0|AC  0|TAMS 0x00000000a4d00000, 0x00000000a4d00000|
| 270|0x00000000a4e00000, 0x00000000a4e00000, 0x00000000a4f00000|  0%| F|  |TS  0|AC  0|TAMS 0x00000000a4e00000, 0x00000000a4e00000|
| 271|0x00000000a4f00000, 0x00000000a4f00000, 0x00000000a5000000|  0%| F|  |TS  0|AC  0|TAMS 0x00000000a4f00000, 0x00000000a4f00000|
| 272|0x00000000a5000000, 0x00000000a5000000, 0x00000000a5100000|  0%| F|  |TS  0|AC  0|TAMS 0x00000000a5000000, 0x00000000a5000000|
| 273|0x00000000a5100000, 0x00000000a5100000, 0x00000000a5200000|  0%| F|  |TS  0|AC  0|TAMS 0x00000000a5100000, 0x00000000a5100000|
| 274|0x00000000a5200000, 0x00000000a5200000, 0x00000000a5300000|  0%| F|  |TS  0|AC  0|TAMS 0x00000000a5200000, 0x00000000a5200000|
| 275|0x00000000a5300000, 0x00000000a5300000, 0x00000000a5400000|  0%| F|  |TS  0|AC  0|TAMS 0x00000000a5300000, 0x00000000a5300000|
| 276|0x00000000a5400000, 0x00000000a5400000, 0x00000000a5500000|  0%| F|  |TS  0|AC  0|TAMS 0x00000000a5400000, 0x00000000a5400000|
| 277|0x00000000a5500000, 0x00000000a5500000, 0x00000000a5600000|  0%| F|  |TS  0|AC  0|TAMS 0x00000000a5500000, 0x00000000a5500000|
| 278|0x00000000a5600000, 0x00000000a5600000, 0x00000000a5700000|  0%| F|  |TS  0|AC  0|TAMS 0x00000000a5600000, 0x00000000a5600000|
| 279|0x00000000a5700000, 0x00000000a5700000, 0x00000000a5800000|  0%| F|  |TS  0|AC  0|TAMS 0x00000000a5700000, 0x00000000a5700000|
| 280|0x00000000a5800000, 0x00000000a5800000, 0x00000000a5900000|  0%| F|  |TS  0|AC  0|TAMS 0x00000000a5800000, 0x00000000a5800000|
| 281|0x00000000a5900000, 0x00000000a5900000, 0x00000000a5a00000|  0%| F|  |TS  0|AC  0|TAMS 0x00000000a5900000, 0x00000000a5900000|
| 282|0x00000000a5a00000, 0x00000000a5a00000, 0x00000000a5b00000|  0%| F|  |TS  0|AC  0|TAMS 0x00000000a5a00000, 0x00000000a5a00000|
| 283|0x00000000a5b00000, 0x00000000a5b00000, 0x00000000a5c00000|  0%| F|  |TS  0|AC  0|TAMS 0x00000000a5b00000, 0x00000000a5b00000|
| 284|0x00000000a5c00000, 0x00000000a5c00000, 0x00000000a5d00000|  0%| F|  |TS  0|AC  0|TAMS 0x00000000a5c00000, 0x00000000a5c00000|
| 285|0x00000000a5d00000, 0x00000000a5d00000, 0x00000000a5e00000|  0%| F|  |TS  0|AC  0|TAMS 0x00000000a5d00000, 0x00000000a5d00000|
| 286|0x00000000a5e00000, 0x00000000a5e00000, 0x00000000a5f00000|  0%| F|  |TS  0|AC  0|TAMS 0x00000000a5e00000, 0x00000000a5e00000|
| 287|0x00000000a5f00000, 0x00000000a5f00000, 0x00000000a6000000|  0%| F|  |TS  0|AC  0|TAMS 0x00000000a5f00000, 0x00000000a5f00000|
| 288|0x00000000a6000000, 0x00000000a6000000, 0x00000000a6100000|  0%| F|  |TS  0|AC  0|TAMS 0x00000000a6000000, 0x00000000a6000000|
| 289|0x00000000a6100000, 0x00000000a6100000, 0x00000000a6200000|  0%| F|  |TS  0|AC  0|TAMS 0x00000000a6100000, 0x00000000a6100000|
| 290|0x00000000a6200000, 0x00000000a6200000, 0x00000000a6300000|  0%| F|  |TS  0|AC  0|TAMS 0x00000000a6200000, 0x00000000a6200000|
| 291|0x00000000a6300000, 0x00000000a6300000, 0x00000000a6400000|  0%| F|  |TS  0|AC  0|TAMS 0x00000000a6300000, 0x00000000a6300000|
| 292|0x00000000a6400000, 0x00000000a64effe0, 0x00000000a6500000| 93%| S|CS|TS  0|AC  0|TAMS 0x00000000a6400000, 0x00000000a6400000|
| 293|0x00000000a6500000, 0x00000000a6600000, 0x00000000a6600000|100%| S|CS|TS  0|AC  0|TAMS 0x00000000a6500000, 0x00000000a6500000|
| 294|0x00000000a6600000, 0x00000000a6700000, 0x00000000a6700000|100%| S|CS|TS  0|AC  0|TAMS 0x00000000a6600000, 0x00000000a6600000|
| 295|0x00000000a6700000, 0x00000000a6800000, 0x00000000a6800000|100%| S|CS|TS  0|AC  0|TAMS 0x00000000a6700000, 0x00000000a6700000|
| 296|0x00000000a6800000, 0x00000000a6800000, 0x00000000a6900000|  0%| F|  |TS  0|AC  0|TAMS 0x00000000a6800000, 0x00000000a6800000|
| 297|0x00000000a6900000, 0x00000000a6900000, 0x00000000a6a00000|  0%| F|  |TS  0|AC  0|TAMS 0x00000000a6900000, 0x00000000a6900000|
| 298|0x00000000a6a00000, 0x00000000a6a00000, 0x00000000a6b00000|  0%| F|  |TS  0|AC  0|TAMS 0x00000000a6a00000, 0x00000000a6a00000|
| 299|0x00000000a6b00000, 0x00000000a6b00000, 0x00000000a6c00000|  0%| F|  |TS  0|AC  0|TAMS 0x00000000a6b00000, 0x00000000a6b00000|
| 300|0x00000000a6c00000, 0x00000000a6c00000, 0x00000000a6d00000|  0%| F|  |TS  0|AC  0|TAMS 0x00000000a6c00000, 0x00000000a6c00000|
| 301|0x00000000a6d00000, 0x00000000a6d00000, 0x00000000a6e00000|  0%| F|  |TS  0|AC  0|TAMS 0x00000000a6d00000, 0x00000000a6d00000|
| 302|0x00000000a6e00000, 0x00000000a6e00000, 0x00000000a6f00000|  0%| F|  |TS  0|AC  0|TAMS 0x00000000a6e00000, 0x00000000a6e00000|
| 303|0x00000000a6f00000, 0x00000000a6f00000, 0x00000000a7000000|  0%| F|  |TS  0|AC  0|TAMS 0x00000000a6f00000, 0x00000000a6f00000|
| 304|0x00000000a7000000, 0x00000000a7000000, 0x00000000a7100000|  0%| F|  |TS  0|AC  0|TAMS 0x00000000a7000000, 0x00000000a7000000|
| 305|0x00000000a7100000, 0x00000000a7100000, 0x00000000a7200000|  0%| F|  |TS  0|AC  0|TAMS 0x00000000a7100000, 0x00000000a7100000|
| 306|0x00000000a7200000, 0x00000000a7200000, 0x00000000a7300000|  0%| F|  |TS  0|AC  0|TAMS 0x00000000a7200000, 0x00000000a7200000|
| 307|0x00000000a7300000, 0x00000000a7300000, 0x00000000a7400000|  0%| F|  |TS  0|AC  0|TAMS 0x00000000a7300000, 0x00000000a7300000|
| 308|0x00000000a7400000, 0x00000000a7483010, 0x00000000a7500000| 51%| E|  |TS  0|AC  0|TAMS 0x00000000a7400000, 0x00000000a7400000|
| 309|0x00000000a7500000, 0x00000000a7600000, 0x00000000a7600000|100%| E|CS|TS  0|AC  0|TAMS 0x00000000a7500000, 0x00000000a7500000|
| 310|0x00000000a7600000, 0x00000000a7700000, 0x00000000a7700000|100%| E|CS|TS  0|AC  0|TAMS 0x00000000a7600000, 0x00000000a7600000|
| 311|0x00000000a7700000, 0x00000000a7800000, 0x00000000a7800000|100%| E|CS|TS  0|AC  0|TAMS 0x00000000a7700000, 0x00000000a7700000|
| 312|0x00000000a7800000, 0x00000000a7900000, 0x00000000a7900000|100%| E|CS|TS  0|AC  0|TAMS 0x00000000a7800000, 0x00000000a7800000|
| 313|0x00000000a7900000, 0x00000000a7a00000, 0x00000000a7a00000|100%| E|CS|TS  0|AC  0|TAMS 0x00000000a7900000, 0x00000000a7900000|
| 314|0x00000000a7a00000, 0x00000000a7b00000, 0x00000000a7b00000|100%| E|CS|TS  0|AC  0|TAMS 0x00000000a7a00000, 0x00000000a7a00000|
| 315|0x00000000a7b00000, 0x00000000a7c00000, 0x00000000a7c00000|100%| E|CS|TS  0|AC  0|TAMS 0x00000000a7b00000, 0x00000000a7b00000|
| 316|0x00000000a7c00000, 0x00000000a7d00000, 0x00000000a7d00000|100%| E|CS|TS  0|AC  0|TAMS 0x00000000a7c00000, 0x00000000a7c00000|
| 317|0x00000000a7d00000, 0x00000000a7e00000, 0x00000000a7e00000|100%| E|CS|TS  0|AC  0|TAMS 0x00000000a7d00000, 0x00000000a7d00000|
| 318|0x00000000a7e00000, 0x00000000a7f00000, 0x00000000a7f00000|100%| E|CS|TS  0|AC  0|TAMS 0x00000000a7e00000, 0x00000000a7e00000|
| 319|0x00000000a7f00000, 0x00000000a8000000, 0x00000000a8000000|100%| E|CS|TS  0|AC  0|TAMS 0x00000000a7f00000, 0x00000000a7f00000|
| 320|0x00000000a8000000, 0x00000000a8100000, 0x00000000a8100000|100%| E|CS|TS  0|AC  0|TAMS 0x00000000a8000000, 0x00000000a8000000|
| 321|0x00000000a8100000, 0x00000000a8200000, 0x00000000a8200000|100%| E|CS|TS  0|AC  0|TAMS 0x00000000a8100000, 0x00000000a8100000|
| 322|0x00000000a8200000, 0x00000000a8300000, 0x00000000a8300000|100%| E|CS|TS  0|AC  0|TAMS 0x00000000a8200000, 0x00000000a8200000|
| 323|0x00000000a8300000, 0x00000000a8400000, 0x00000000a8400000|100%| E|CS|TS  0|AC  0|TAMS 0x00000000a8300000, 0x00000000a8300000|

Card table byte_map: [0x00007f98b0c2b000,0x00007f98b0f8b000] byte_map_base: 0x00007f98b078b000

Marking Bits (Prev, Next): (CMBitMap*) 0x00007f98c805cce8, (CMBitMap*) 0x00007f98c805cc90
 Prev Bits: [0x00007f9888a00000, 0x00007f988a500000)
 Next Bits: [0x00007f988a500000, 0x00007f988c000000)

Polling page: 0x00007f98d046e000

CodeHeap 'non-nmethods': size=5696Kb used=1299Kb max_used=1299Kb free=4396Kb
 bounds [0x00007f98b1c51000, 0x00007f98b1ec1000, 0x00007f98b21e1000]
CodeHeap 'non-profiled nmethods': size=240064Kb used=3713Kb max_used=3713Kb free=236350Kb
 bounds [0x00007f98b21e1000, 0x00007f98b2591000, 0x00007f98c0c51000]
 total_blobs=2783 nmethods=2139 adapters=508
 compilation: enabled

Compilation events (10 events):
Event: 5,876 Thread 0x00007f98c8151800 2136       1       sun.font.FontConfigManager$FontConfigFont::<init> (5 bytes)
Event: 5,876 Thread 0x00007f98c8151800 nmethod 2136 0x00007f98b257fe90 code [0x00007f98b2580000, 0x00007f98b2580110]
Event: 5,876 Thread 0x00007f98c8151800 2137       1       sun.font.FcFontConfiguration$$StringConcat/1065484975::concat (29 bytes)
Event: 5,877 Thread 0x00007f98c8151800 nmethod 2137 0x00007f98b2580190 code [0x00007f98b2580360, 0x00007f98b25806a8]
Event: 5,877 Thread 0x00007f98c8151800 2138       1       sun.font.FcFontConfiguration$$StringConcat/976394575::concat (29 bytes)
Event: 5,878 Thread 0x00007f98c8151800 nmethod 2138 0x00007f98b2580890 code [0x00007f98b2580a60, 0x00007f98b2580da8]
Event: 5,891 Thread 0x00007f98c8151800 2139       1       java.nio.HeapByteBuffer::_get (7 bytes)
Event: 5,891 Thread 0x00007f98c8151800 nmethod 2139 0x00007f98b2580f90 code [0x00007f98b2581100, 0x00007f98b2581230]
Event: 5,894 Thread 0x00007f98c8151800 2140       1       java.nio.Buffer::remaining (10 bytes)
Event: 5,895 Thread 0x00007f98c8151800 nmethod 2140 0x00007f98b2581310 code [0x00007f98b2581480, 0x00007f98b2581590]

GC Heap History (10 events):
Event: 0,631 GC heap before
{Heap before GC invocations=0 (full 0):
 garbage-first heap   total 110592K, used 7168K [0x0000000094000000, 0x0000000094100360, 0x0000000100000000)
  region size 1024K, 7 young (7168K), 0 survivors (0K)
 Metaspace       used 5931K, capacity 6072K, committed 6400K, reserved 1056768K
  class space    used 629K, capacity 653K, committed 768K, reserved 1048576K
}
Event: 0,641 GC heap after
{Heap after GC invocations=1 (full 0):
 garbage-first heap   total 110592K, used 2440K [0x0000000094000000, 0x0000000094100360, 0x0000000100000000)
  region size 1024K, 1 young (1024K), 1 survivors (1024K)
 Metaspace       used 5931K, capacity 6072K, committed 6400K, reserved 1056768K
  class space    used 629K, capacity 653K, committed 768K, reserved 1048576K
}
Event: 3,005 GC heap before
{Heap before GC invocations=1 (full 0):
 garbage-first heap   total 110592K, used 66952K [0x0000000094000000, 0x0000000094100360, 0x0000000100000000)
  region size 1024K, 64 young (65536K), 1 survivors (1024K)
 Metaspace       used 13384K, capacity 13865K, committed 14080K, reserved 1060864K
  class space    used 2537K, capacity 2727K, committed 2816K, reserved 1048576K
}
Event: 3,028 GC heap after
{Heap after GC invocations=2 (full 0):
 garbage-first heap   total 110592K, used 11806K [0x0000000094000000, 0x0000000094100360, 0x0000000100000000)
  region size 1024K, 8 young (8192K), 8 survivors (8192K)
 Metaspace       used 13384K, capacity 13865K, committed 14080K, reserved 1060864K
  class space    used 2537K, capacity 2727K, committed 2816K, reserved 1048576K
}
Event: 3,645 GC heap before
{Heap before GC invocations=2 (full 0):
 garbage-first heap   total 110592K, used 39454K [0x0000000094000000, 0x0000000094100360, 0x0000000100000000)
  region size 1024K, 35 young (35840K), 8 survivors (8192K)
 Metaspace       used 14223K, capacity 15197K, committed 15488K, reserved 1060864K
  class space    used 2795K, capacity 3138K, committed 3200K, reserved 1048576K
}
Event: 3,660 GC heap after
{Heap after GC invocations=3 (full 0):
 garbage-first heap   total 110592K, used 10960K [0x0000000094000000, 0x0000000094100360, 0x0000000100000000)
  region size 1024K, 2 young (2048K), 2 survivors (2048K)
 Metaspace       used 14223K, capacity 15197K, committed 15488K, reserved 1060864K
  class space    used 2795K, capacity 3138K, committed 3200K, reserved 1048576K
}
Event: 4,430 GC heap before
{Heap before GC invocations=3 (full 0):
 garbage-first heap   total 110592K, used 58064K [0x0000000094000000, 0x0000000094100360, 0x0000000100000000)
  region size 1024K, 48 young (49152K), 2 survivors (2048K)
 Metaspace       used 15259K, capacity 16741K, committed 16896K, reserved 1062912K
  class space    used 3162K, capacity 3714K, committed 3840K, reserved 1048576K
}
Event: 4,449 GC heap after
{Heap after GC invocations=4 (full 0):
 garbage-first heap   total 331776K, used 11719K [0x0000000094000000, 0x0000000094100a20, 0x0000000100000000)
  region size 1024K, 2 young (2048K), 2 survivors (2048K)
 Metaspace       used 15259K, capacity 16741K, committed 16896K, reserved 1062912K
  class space    used 3162K, capacity 3714K, committed 3840K, reserved 1048576K
}
Event: 5,111 GC heap before
{Heap before GC invocations=4 (full 0):
 garbage-first heap   total 331776K, used 39367K [0x0000000094000000, 0x0000000094100a20, 0x0000000100000000)
  region size 1024K, 30 young (30720K), 2 survivors (2048K)
 Metaspace       used 19264K, capacity 21111K, committed 21248K, reserved 1064960K
  class space    used 4054K, capacity 4767K, committed 4864K, reserved 1048576K
}
Event: 5,122 GC heap after
{Heap after GC invocations=5 (full 0):
 garbage-first heap   total 331776K, used 13840K [0x0000000094000000, 0x0000000094100a20, 0x0000000100000000)
  region size 1024K, 4 young (4096K), 4 survivors (4096K)
 Metaspace       used 19264K, capacity 21111K, committed 21248K, reserved 1064960K
  class space    used 4054K, capacity 4767K, committed 4864K, reserved 1048576K
}

Deoptimization events (0 events):
No events

Classes redefined (0 events):
No events

Internal exceptions (8 events):
Event: 0,182 Thread 0x00007f98c8013000 Exception <a 'sun/nio/fs/UnixException'> (0x000000009abb1ef0) thrown at [/build/openjdk-9-argm_o/openjdk-9-9~b114/src/hotspot/src/share/vm/prims/jni.cpp, line 605]
Event: 4,856 Thread 0x00007f98c8013000 Exception <a 'java/io/FileNotFoundException'> (0x00000000a74ac128) thrown at [/build/openjdk-9-argm_o/openjdk-9-9~b114/src/hotspot/src/share/vm/prims/jni.cpp, line 605]
Event: 4,897 Thread 0x00007f98c8013000 Exception <a 'sun/nio/fs/UnixException'> (0x00000000a733f600) thrown at [/build/openjdk-9-argm_o/openjdk-9-9~b114/src/hotspot/src/share/vm/prims/jni.cpp, line 605]
Event: 5,001 Thread 0x00007f98c8013000 Exception <a 'java/lang/ClassNotFoundException': sun/awt/resources/awtProvider> (0x00000000a6d881d0) thrown at [/build/openjdk-9-argm_o/openjdk-9-9~b114/src/hotspot/src/share/vm/classfile/systemDictionary.cpp, line 224]
Event: 5,016 Thread 0x00007f98c8013000 Exception <a 'java/io/FileNotFoundException'> (0x00000000a6da5ff8) thrown at [/build/openjdk-9-argm_o/openjdk-9-9~b114/src/hotspot/src/share/vm/prims/jni.cpp, line 605]
Event: 5,017 Thread 0x00007f98c8013000 Exception <a 'java/io/FileNotFoundException'> (0x00000000a6da90c8) thrown at [/build/openjdk-9-argm_o/openjdk-9-9~b114/src/hotspot/src/share/vm/prims/jni.cpp, line 605]
Event: 5,621 Thread 0x00007f98c908d800 Exception <a 'java/lang/ClassNotFoundException': com/sun/swing/internal/plaf/metal/resources/metalProvider> (0x00000000a78a5110) thrown at [/build/openjdk-9-argm_o/openjdk-9-9~b114/src/hotspot/src/share/vm/classfile/systemDictionary.cpp, line 224]
Event: 5,625 Thread 0x00007f98c908d800 Exception <a 'java/lang/ClassNotFoundException': com/sun/swing/internal/plaf/basic/resources/basicProvider> (0x00000000a78a87a0) thrown at [/build/openjdk-9-argm_o/openjdk-9-9~b114/src/hotspot/src/share/vm/classfile/systemDictionary.cpp, line 224]

Events (10 events):
Event: 5,892 loading class sun/nio/cs/UnicodeDecoder done
Event: 5,892 Executing VM operation: Deoptimize
Event: 5,893 Executing VM operation: Deoptimize done
Event: 5,894 loading class sun/nio/cs/UTF_16$Decoder done
Event: 5,895 loading class sun/font/FileFontStrike
Event: 5,895 loading class sun/font/FileFontStrike done
Event: 5,895 loading class sun/font/FontScaler
Event: 5,896 loading class sun/font/FontScaler done
Event: 5,896 loading class sun/font/FreetypeFontScaler
Event: 5,896 loading class sun/font/FreetypeFontScaler done


Dynamic libraries:
00400000-00401000 r-xp 00000000 08:02 2502336                            /usr/lib/jvm/java-9-openjdk-amd64/bin/java
00600000-00601000 r--p 00000000 08:02 2502336                            /usr/lib/jvm/java-9-openjdk-amd64/bin/java
00601000-00602000 rw-p 00001000 08:02 2502336                            /usr/lib/jvm/java-9-openjdk-amd64/bin/java
02206000-02227000 rw-p 00000000 00:00 0                                  [heap]
94000000-a8400000 rw-p 00000000 00:00 0 
a8400000-100000000 ---p 00000000 00:00 0 
100000000-100620000 rw-p 00000000 00:00 0 
100620000-140000000 ---p 00000000 00:00 0 
7f9830000000-7f9830021000 rw-p 00000000 00:00 0 
7f9830021000-7f9834000000 ---p 00000000 00:00 0 
7f9834000000-7f9834021000 rw-p 00000000 00:00 0 
7f9834021000-7f9838000000 ---p 00000000 00:00 0 
7f9838000000-7f9838021000 rw-p 00000000 00:00 0 
7f9838021000-7f983c000000 ---p 00000000 00:00 0 
7f983c000000-7f983c058000 rw-p 00000000 00:00 0 
7f983c058000-7f9840000000 ---p 00000000 00:00 0 
7f9840000000-7f9840021000 rw-p 00000000 00:00 0 
7f9840021000-7f9844000000 ---p 00000000 00:00 0 
7f984674c000-7f9846750000 ---p 00000000 00:00 0 
7f9846750000-7f984684d000 rw-p 00000000 00:00 0 
7f984684d000-7f9846851000 ---p 00000000 00:00 0 
7f9846851000-7f9846b4e000 rw-p 00000000 00:00 0 
7f9846b4e000-7f9846b52000 ---p 00000000 00:00 0 
7f9846b52000-7f9846c4f000 rw-p 00000000 00:00 0 
7f9846c4f000-7f9846c53000 ---p 00000000 00:00 0 
7f9846c53000-7f9846d50000 rw-p 00000000 00:00 0 
7f9846d50000-7f9846d55000 r-xp 00000000 08:02 2497912                    /usr/lib/x86_64-linux-gnu/libXfixes.so.3.1.0
7f9846d55000-7f9846f54000 ---p 00005000 08:02 2497912                    /usr/lib/x86_64-linux-gnu/libXfixes.so.3.1.0
7f9846f54000-7f9846f55000 r--p 00004000 08:02 2497912                    /usr/lib/x86_64-linux-gnu/libXfixes.so.3.1.0
7f9846f55000-7f9846f56000 rw-p 00005000 08:02 2497912                    /usr/lib/x86_64-linux-gnu/libXfixes.so.3.1.0
7f9846f56000-7f9846f5f000 r-xp 00000000 08:02 2496413                    /usr/lib/x86_64-linux-gnu/libXcursor.so.1.0.2
7f9846f5f000-7f984715e000 ---p 00009000 08:02 2496413                    /usr/lib/x86_64-linux-gnu/libXcursor.so.1.0.2
7f984715e000-7f984715f000 r--p 00008000 08:02 2496413                    /usr/lib/x86_64-linux-gnu/libXcursor.so.1.0.2
7f984715f000-7f9847160000 rw-p 00009000 08:02 2496413                    /usr/lib/x86_64-linux-gnu/libXcursor.so.1.0.2
7f9847160000-7f9847164000 ---p 00000000 00:00 0 
7f9847164000-7f9847461000 rw-p 00000000 00:00 0 
7f9847461000-7f9847485000 r-xp 00000000 08:02 791228                     /lib/x86_64-linux-gnu/libpng12.so.0.54.0
7f9847485000-7f9847684000 ---p 00024000 08:02 791228                     /lib/x86_64-linux-gnu/libpng12.so.0.54.0
7f9847684000-7f9847685000 r--p 00023000 08:02 791228                     /lib/x86_64-linux-gnu/libpng12.so.0.54.0
7f9847685000-7f9847686000 rw-p 00024000 08:02 791228                     /lib/x86_64-linux-gnu/libpng12.so.0.54.0
7f9847686000-7f984772a000 r-xp 00000000 08:02 2498333                    /usr/lib/x86_64-linux-gnu/libfreetype.so.6.12.1
7f984772a000-7f9847929000 ---p 000a4000 08:02 2498333                    /usr/lib/x86_64-linux-gnu/libfreetype.so.6.12.1
7f9847929000-7f984792f000 r--p 000a3000 08:02 2498333                    /usr/lib/x86_64-linux-gnu/libfreetype.so.6.12.1
7f984792f000-7f9847930000 rw-p 000a9000 08:02 2498333                    /usr/lib/x86_64-linux-gnu/libfreetype.so.6.12.1
7f9847930000-7f98479f6000 r-xp 00000000 08:02 2622919                    /usr/lib/jvm/java-9-openjdk-amd64/lib/amd64/libfontmanager.so
7f98479f6000-7f9847bf5000 ---p 000c6000 08:02 2622919                    /usr/lib/jvm/java-9-openjdk-amd64/lib/amd64/libfontmanager.so
7f9847bf5000-7f9847bf8000 r--p 000c5000 08:02 2622919                    /usr/lib/jvm/java-9-openjdk-amd64/lib/amd64/libfontmanager.so
7f9847bf8000-7f9847bf9000 rw-p 000c8000 08:02 2622919                    /usr/lib/jvm/java-9-openjdk-amd64/lib/amd64/libfontmanager.so
7f9847bf9000-7f9847dfa000 rw-p 00000000 00:00 0 
7f9847dfa000-7f9847dff000 r-xp 00000000 08:02 2497908                    /usr/lib/x86_64-linux-gnu/libXdmcp.so.6.0.0
7f9847dff000-7f9847ffe000 ---p 00005000 08:02 2497908                    /usr/lib/x86_64-linux-gnu/libXdmcp.so.6.0.0
7f9847ffe000-7f9847fff000 r--p 00004000 08:02 2497908                    /usr/lib/x86_64-linux-gnu/libXdmcp.so.6.0.0
7f9847fff000-7f9848000000 rw-p 00005000 08:02 2497908                    /usr/lib/x86_64-linux-gnu/libXdmcp.so.6.0.0
7f9848000000-7f9848021000 rw-p 00000000 00:00 0 
7f9848021000-7f984c000000 ---p 00000000 00:00 0 
7f984c000000-7f984c021000 rw-p 00000000 00:00 0 
7f984c021000-7f9850000000 ---p 00000000 00:00 0 
7f9850000000-7f9850021000 rw-p 00000000 00:00 0 
7f9850021000-7f9854000000 ---p 00000000 00:00 0 
7f985406d000-7f985406f000 r-xp 00000000 08:02 2497897                    /usr/lib/x86_64-linux-gnu/libXau.so.6.0.0
7f985406f000-7f985426f000 ---p 00002000 08:02 2497897                    /usr/lib/x86_64-linux-gnu/libXau.so.6.0.0
7f985426f000-7f9854270000 r--p 00002000 08:02 2497897                    /usr/lib/x86_64-linux-gnu/libXau.so.6.0.0
7f9854270000-7f9854271000 rw-p 00003000 08:02 2497897                    /usr/lib/x86_64-linux-gnu/libXau.so.6.0.0
7f9854271000-7f9854292000 r-xp 00000000 08:02 2499333                    /usr/lib/x86_64-linux-gnu/libxcb.so.1.1.0
7f9854292000-7f9854491000 ---p 00021000 08:02 2499333                    /usr/lib/x86_64-linux-gnu/libxcb.so.1.1.0
7f9854491000-7f9854492000 r--p 00020000 08:02 2499333                    /usr/lib/x86_64-linux-gnu/libxcb.so.1.1.0
7f9854492000-7f9854493000 rw-p 00021000 08:02 2499333                    /usr/lib/x86_64-linux-gnu/libxcb.so.1.1.0
7f9854493000-7f98544a2000 r-xp 00000000 08:02 2497918                    /usr/lib/x86_64-linux-gnu/libXi.so.6.1.0
7f98544a2000-7f98546a1000 ---p 0000f000 08:02 2497918                    /usr/lib/x86_64-linux-gnu/libXi.so.6.1.0
7f98546a1000-7f98546a2000 r--p 0000e000 08:02 2497918                    /usr/lib/x86_64-linux-gnu/libXi.so.6.1.0
7f98546a2000-7f98546a3000 rw-p 0000f000 08:02 2497918                    /usr/lib/x86_64-linux-gnu/libXi.so.6.1.0
7f98546a3000-7f98546a8000 r-xp 00000000 08:02 2497936                    /usr/lib/x86_64-linux-gnu/libXtst.so.6.1.0
7f98546a8000-7f98548a7000 ---p 00005000 08:02 2497936                    /usr/lib/x86_64-linux-gnu/libXtst.so.6.1.0
7f98548a7000-7f98548a8000 r--p 00004000 08:02 2497936                    /usr/lib/x86_64-linux-gnu/libXtst.so.6.1.0
7f98548a8000-7f98548a9000 rw-p 00005000 08:02 2497936                    /usr/lib/x86_64-linux-gnu/libXtst.so.6.1.0
7f98548a9000-7f98548b2000 r-xp 00000000 08:02 2497930                    /usr/lib/x86_64-linux-gnu/libXrender.so.1.3.0
7f98548b2000-7f9854ab1000 ---p 00009000 08:02 2497930                    /usr/lib/x86_64-linux-gnu/libXrender.so.1.3.0
7f9854ab1000-7f9854ab2000 r--p 00008000 08:02 2497930                    /usr/lib/x86_64-linux-gnu/libXrender.so.1.3.0
7f9854ab2000-7f9854ab3000 rw-p 00009000 08:02 2497930                    /usr/lib/x86_64-linux-gnu/libXrender.so.1.3.0
7f9854ab3000-7f9854be8000 r-xp 00000000 08:02 2497893                    /usr/lib/x86_64-linux-gnu/libX11.so.6.3.0
7f9854be8000-7f9854de8000 ---p 00135000 08:02 2497893                    /usr/lib/x86_64-linux-gnu/libX11.so.6.3.0
7f9854de8000-7f9854de9000 r--p 00135000 08:02 2497893                    /usr/lib/x86_64-linux-gnu/libX11.so.6.3.0
7f9854de9000-7f9854ded000 rw-p 00136000 08:02 2497893                    /usr/lib/x86_64-linux-gnu/libX11.so.6.3.0
7f9854ded000-7f9854dfe000 r-xp 00000000 08:02 2497910                    /usr/lib/x86_64-linux-gnu/libXext.so.6.4.0
7f9854dfe000-7f9854ffd000 ---p 00011000 08:02 2497910                    /usr/lib/x86_64-linux-gnu/libXext.so.6.4.0
7f9854ffd000-7f9854ffe000 r--p 00010000 08:02 2497910                    /usr/lib/x86_64-linux-gnu/libXext.so.6.4.0
7f9854ffe000-7f9854fff000 rw-p 00011000 08:02 2497910                    /usr/lib/x86_64-linux-gnu/libXext.so.6.4.0
7f9854fff000-7f9858000000 rw-p 00000000 00:00 0 
7f9858000000-7f9858431000 rw-p 00000000 00:00 0 
7f9858431000-7f985c000000 ---p 00000000 00:00 0 
7f985c000000-7f985c021000 rw-p 00000000 00:00 0 
7f985c021000-7f9860000000 ---p 00000000 00:00 0 
7f9860000000-7f9860035000 rw-p 00000000 00:00 0 
7f9860035000-7f9864000000 ---p 00000000 00:00 0 
7f9864000000-7f9864021000 rw-p 00000000 00:00 0 
7f9864021000-7f9868000000 ---p 00000000 00:00 0 
7f9868000000-7f9868021000 rw-p 00000000 00:00 0 
7f9868021000-7f986c000000 ---p 00000000 00:00 0 
7f986c000000-7f986c021000 rw-p 00000000 00:00 0 
7f986c021000-7f9870000000 ---p 00000000 00:00 0 
7f9870000000-7f9870021000 rw-p 00000000 00:00 0 
7f9870021000-7f9874000000 ---p 00000000 00:00 0 
7f9874000000-7f9874021000 rw-p 00000000 00:00 0 
7f9874021000-7f9878000000 ---p 00000000 00:00 0 
7f9878000000-7f98780c8000 rw-p 00000000 00:00 0 
7f98780c8000-7f987c000000 ---p 00000000 00:00 0 
7f987c000000-7f987c021000 rw-p 00000000 00:00 0 
7f987c021000-7f9880000000 ---p 00000000 00:00 0 
7f9880097000-7f98800ee000 r-xp 00000000 08:02 2622976                    /usr/lib/jvm/java-9-openjdk-amd64/lib/amd64/libawt_xawt.so
7f98800ee000-7f98802ee000 ---p 00057000 08:02 2622976                    /usr/lib/jvm/java-9-openjdk-amd64/lib/amd64/libawt_xawt.so
7f98802ee000-7f98802ef000 r--p 00057000 08:02 2622976                    /usr/lib/jvm/java-9-openjdk-amd64/lib/amd64/libawt_xawt.so
7f98802ef000-7f98802f2000 rw-p 00058000 08:02 2622976                    /usr/lib/jvm/java-9-openjdk-amd64/lib/amd64/libawt_xawt.so
7f98802f2000-7f98802f3000 rw-p 00000000 00:00 0 
7f98802f3000-7f9880393000 r-xp 00000000 08:02 2622918                    /usr/lib/jvm/java-9-openjdk-amd64/lib/amd64/libawt.so
7f9880393000-7f9880592000 ---p 000a0000 08:02 2622918                    /usr/lib/jvm/java-9-openjdk-amd64/lib/amd64/libawt.so
7f9880592000-7f9880593000 r--p 0009f000 08:02 2622918                    /usr/lib/jvm/java-9-openjdk-amd64/lib/amd64/libawt.so
7f9880593000-7f988059e000 rw-p 000a0000 08:02 2622918                    /usr/lib/jvm/java-9-openjdk-amd64/lib/amd64/libawt.so
7f988059e000-7f98807c3000 rw-p 00000000 00:00 0 
7f98807c3000-7f98809c3000 rw-p 00000000 00:00 0 
7f98809c3000-7f9880bc3000 rw-p 00000000 00:00 0 
7f9880bc3000-7f9880dc3000 rw-p 00000000 00:00 0 
7f9880dc3000-7f9880dc4000 ---p 00000000 00:00 0 
7f9880dc4000-7f9880ec4000 rw-p 00000000 00:00 0 
7f9880ec4000-7f9880ec8000 ---p 00000000 00:00 0 
7f9880ec8000-7f9880fc5000 rw-p 00000000 00:00 0 
7f9880fc5000-7f9880fc9000 ---p 00000000 00:00 0 
7f9880fc9000-7f98810c6000 rw-p 00000000 00:00 0 
7f98810c6000-7f98810dc000 r-xp 00000000 08:02 2622920                    /usr/lib/jvm/java-9-openjdk-amd64/lib/amd64/libnet.so
7f98810dc000-7f98812db000 ---p 00016000 08:02 2622920                    /usr/lib/jvm/java-9-openjdk-amd64/lib/amd64/libnet.so
7f98812db000-7f98812dc000 r--p 00015000 08:02 2622920                    /usr/lib/jvm/java-9-openjdk-amd64/lib/amd64/libnet.so
7f98812dc000-7f98812dd000 rw-p 00016000 08:02 2622920                    /usr/lib/jvm/java-9-openjdk-amd64/lib/amd64/libnet.so
7f98812dd000-7f98812ee000 r-xp 00000000 08:02 2622977                    /usr/lib/jvm/java-9-openjdk-amd64/lib/amd64/libnio.so
7f98812ee000-7f98814ee000 ---p 00011000 08:02 2622977                    /usr/lib/jvm/java-9-openjdk-amd64/lib/amd64/libnio.so
7f98814ee000-7f98814ef000 r--p 00011000 08:02 2622977                    /usr/lib/jvm/java-9-openjdk-amd64/lib/amd64/libnio.so
7f98814ef000-7f98814f0000 rw-p 00012000 08:02 2622977                    /usr/lib/jvm/java-9-openjdk-amd64/lib/amd64/libnio.so
7f98814f0000-7f98814f4000 ---p 00000000 00:00 0 
7f98814f4000-7f98815f1000 rw-p 00000000 00:00 0 
7f98815f1000-7f98815f5000 ---p 00000000 00:00 0 
7f98815f5000-7f98816f2000 rw-p 00000000 00:00 0 
7f98816f2000-7f98816f6000 ---p 00000000 00:00 0 
7f98816f6000-7f98817f3000 rw-p 00000000 00:00 0 
7f98817f3000-7f98817f7000 ---p 00000000 00:00 0 
7f98817f7000-7f98818f4000 rw-p 00000000 00:00 0 
7f98818f4000-7f98818f8000 ---p 00000000 00:00 0 
7f98818f8000-7f98819f5000 rw-p 00000000 00:00 0 
7f98819f5000-7f98819f9000 ---p 00000000 00:00 0 
7f98819f9000-7f9881af6000 rw-p 00000000 00:00 0 
7f9881af6000-7f9881eff000 r--p 00000000 08:02 2492112                    /usr/lib/locale/locale-archive
7f9881eff000-7f9881f03000 ---p 00000000 00:00 0 
7f9881f03000-7f9884000000 rw-p 00000000 00:00 0 
7f9884000000-7f9884021000 rw-p 00000000 00:00 0 
7f9884021000-7f9888000000 ---p 00000000 00:00 0 
7f98880ff000-7f9888103000 ---p 00000000 00:00 0 
7f9888103000-7f9888f10000 rw-p 00000000 00:00 0 
7f9888f10000-7f988a500000 ---p 00000000 00:00 0 
7f988a500000-7f988aa10000 rw-p 00000000 00:00 0 
7f988aa10000-7f988c000000 ---p 00000000 00:00 0 
7f988c000000-7f988c021000 rw-p 00000000 00:00 0 
7f988c021000-7f9890000000 ---p 00000000 00:00 0 
7f9890000000-7f9890021000 rw-p 00000000 00:00 0 
7f9890021000-7f9894000000 ---p 00000000 00:00 0 
7f9894000000-7f9894021000 rw-p 00000000 00:00 0 
7f9894021000-7f9898000000 ---p 00000000 00:00 0 
7f9898000000-7f9898021000 rw-p 00000000 00:00 0 
7f9898021000-7f989c000000 ---p 00000000 00:00 0 
7f989c000000-7f989c021000 rw-p 00000000 00:00 0 
7f989c021000-7f98a0000000 ---p 00000000 00:00 0 
7f98a0000000-7f98a0021000 rw-p 00000000 00:00 0 
7f98a0021000-7f98a4000000 ---p 00000000 00:00 0 
7f98a4000000-7f98a4021000 rw-p 00000000 00:00 0 
7f98a4021000-7f98a8000000 ---p 00000000 00:00 0 
7f98a8000000-7f98a8021000 rw-p 00000000 00:00 0 
7f98a8021000-7f98ac000000 ---p 00000000 00:00 0 
7f98ac000000-7f98ac021000 rw-p 00000000 00:00 0 
7f98ac021000-7f98b0000000 ---p 00000000 00:00 0 
7f98b0019000-7f98b001a000 ---p 00000000 00:00 0 
7f98b001a000-7f98b06c9000 rw-p 00000000 00:00 0 
7f98b06c9000-7f98b06ca000 ---p 00000000 00:00 0 
7f98b06ca000-7f98b07ca000 rw-p 00000000 00:00 0 
7f98b07ca000-7f98b07cb000 ---p 00000000 00:00 0 
7f98b07cb000-7f98b096d000 rw-p 00000000 00:00 0 
7f98b096d000-7f98b0c2b000 ---p 00000000 00:00 0 
7f98b0c2b000-7f98b0ccd000 rw-p 00000000 00:00 0 
7f98b0ccd000-7f98b12eb000 ---p 00000000 00:00 0 
7f98b12eb000-7f98b138d000 rw-p 00000000 00:00 0 
7f98b138d000-7f98b164b000 ---p 00000000 00:00 0 
7f98b164b000-7f98b164c000 ---p 00000000 00:00 0 
7f98b164c000-7f98b174c000 rw-p 00000000 00:00 0 
7f98b174c000-7f98b174d000 ---p 00000000 00:00 0 
7f98b174d000-7f98b184d000 rw-p 00000000 00:00 0 
7f98b184d000-7f98b184e000 ---p 00000000 00:00 0 
7f98b184e000-7f98b194e000 rw-p 00000000 00:00 0 
7f98b194e000-7f98b194f000 ---p 00000000 00:00 0 
7f98b194f000-7f98b1a4f000 rw-p 00000000 00:00 0 
7f98b1a4f000-7f98b1a50000 ---p 00000000 00:00 0 
7f98b1a50000-7f98b1c51000 rw-p 00000000 00:00 0 
7f98b1c51000-7f98b1ec1000 rwxp 00000000 00:00 0 
7f98b1ec1000-7f98b21e1000 ---p 00000000 00:00 0 
7f98b21e1000-7f98b2591000 rwxp 00000000 00:00 0 
7f98b2591000-7f98c0c51000 ---p 00000000 00:00 0 
7f98c0c51000-7f98c8000000 r--s 00000000 08:02 2502341                    /usr/lib/jvm/java-9-openjdk-amd64/lib/modules
7f98c8000000-7f98c909e000 rw-p 00000000 00:00 0 
7f98c909e000-7f98cc000000 ---p 00000000 00:00 0 
7f98cc00c000-7f98cc3a4000 rw-p 00000000 00:00 0 
7f98cc3a4000-7f98cc3a5000 ---p 00000000 00:00 0 
7f98cc3a5000-7f98cc4a5000 rw-p 00000000 00:00 0 
7f98cc4a5000-7f98cc4a6000 ---p 00000000 00:00 0 
7f98cc4a6000-7f98cc5a6000 rw-p 00000000 00:00 0 
7f98cc5a6000-7f98cc5a7000 ---p 00000000 00:00 0 
7f98cc5a7000-7f98cc6a7000 rw-p 00000000 00:00 0 
7f98cc6a7000-7f98cc6a8000 ---p 00000000 00:00 0 
7f98cc6a8000-7f98cc7b0000 rw-p 00000000 00:00 0 
7f98cc7b0000-7f98cc97d000 ---p 00000000 00:00 0 
7f98cc97d000-7f98cc982000 r-xp 00000000 08:02 2622951                    /usr/lib/jvm/java-9-openjdk-amd64/lib/amd64/libjimage.so
7f98cc982000-7f98ccb81000 ---p 00005000 08:02 2622951                    /usr/lib/jvm/java-9-openjdk-amd64/lib/amd64/libjimage.so
7f98ccb81000-7f98ccb82000 r--p 00004000 08:02 2622951                    /usr/lib/jvm/java-9-openjdk-amd64/lib/amd64/libjimage.so
7f98ccb82000-7f98ccb83000 rw-p 00005000 08:02 2622951                    /usr/lib/jvm/java-9-openjdk-amd64/lib/amd64/libjimage.so
7f98ccb83000-7f98ccb8a000 r-xp 00000000 08:02 2622931                    /usr/lib/jvm/java-9-openjdk-amd64/lib/amd64/libzip.so
7f98ccb8a000-7f98ccd89000 ---p 00007000 08:02 2622931                    /usr/lib/jvm/java-9-openjdk-amd64/lib/amd64/libzip.so
7f98ccd89000-7f98ccd8a000 r--p 00006000 08:02 2622931                    /usr/lib/jvm/java-9-openjdk-amd64/lib/amd64/libzip.so
7f98ccd8a000-7f98ccd8b000 rw-p 00007000 08:02 2622931                    /usr/lib/jvm/java-9-openjdk-amd64/lib/amd64/libzip.so
7f98ccd8b000-7f98ccd96000 r-xp 00000000 08:02 791401                     /lib/x86_64-linux-gnu/libnss_files-2.23.so
7f98ccd96000-7f98ccf95000 ---p 0000b000 08:02 791401                     /lib/x86_64-linux-gnu/libnss_files-2.23.so
7f98ccf95000-7f98ccf96000 r--p 0000a000 08:02 791401                     /lib/x86_64-linux-gnu/libnss_files-2.23.so
7f98ccf96000-7f98ccf97000 rw-p 0000b000 08:02 791401                     /lib/x86_64-linux-gnu/libnss_files-2.23.so
7f98ccf97000-7f98ccf9d000 rw-p 00000000 00:00 0 
7f98ccf9d000-7f98ccfa8000 r-xp 00000000 08:02 791405                     /lib/x86_64-linux-gnu/libnss_nis-2.23.so
7f98ccfa8000-7f98cd1a7000 ---p 0000b000 08:02 791405                     /lib/x86_64-linux-gnu/libnss_nis-2.23.so
7f98cd1a7000-7f98cd1a8000 r--p 0000a000 08:02 791405                     /lib/x86_64-linux-gnu/libnss_nis-2.23.so
7f98cd1a8000-7f98cd1a9000 rw-p 0000b000 08:02 791405                     /lib/x86_64-linux-gnu/libnss_nis-2.23.so
7f98cd1a9000-7f98cd1bf000 r-xp 00000000 08:02 791038                     /lib/x86_64-linux-gnu/libnsl-2.23.so
7f98cd1bf000-7f98cd3be000 ---p 00016000 08:02 791038                     /lib/x86_64-linux-gnu/libnsl-2.23.so
7f98cd3be000-7f98cd3bf000 r--p 00015000 08:02 791038                     /lib/x86_64-linux-gnu/libnsl-2.23.so
7f98cd3bf000-7f98cd3c0000 rw-p 00016000 08:02 791038                     /lib/x86_64-linux-gnu/libnsl-2.23.so
7f98cd3c0000-7f98cd3c2000 rw-p 00000000 00:00 0 
7f98cd3c2000-7f98cd3ca000 r-xp 00000000 08:02 791396                     /lib/x86_64-linux-gnu/libnss_compat-2.23.so
7f98cd3ca000-7f98cd5c9000 ---p 00008000 08:02 791396                     /lib/x86_64-linux-gnu/libnss_compat-2.23.so
7f98cd5c9000-7f98cd5ca000 r--p 00007000 08:02 791396                     /lib/x86_64-linux-gnu/libnss_compat-2.23.so
7f98cd5ca000-7f98cd5cb000 rw-p 00008000 08:02 791396                     /lib/x86_64-linux-gnu/libnss_compat-2.23.so
7f98cd5cb000-7f98cd5f6000 r-xp 00000000 08:02 2622913                    /usr/lib/jvm/java-9-openjdk-amd64/lib/amd64/libjava.so
7f98cd5f6000-7f98cd7f5000 ---p 0002b000 08:02 2622913                    /usr/lib/jvm/java-9-openjdk-amd64/lib/amd64/libjava.so
7f98cd7f5000-7f98cd7f6000 r--p 0002a000 08:02 2622913                    /usr/lib/jvm/java-9-openjdk-amd64/lib/amd64/libjava.so
7f98cd7f6000-7f98cd7f8000 rw-p 0002b000 08:02 2622913                    /usr/lib/jvm/java-9-openjdk-amd64/lib/amd64/libjava.so
7f98cd7f8000-7f98cd805000 r-xp 00000000 08:02 2622914                    /usr/lib/jvm/java-9-openjdk-amd64/lib/amd64/libverify.so
7f98cd805000-7f98cda04000 ---p 0000d000 08:02 2622914                    /usr/lib/jvm/java-9-openjdk-amd64/lib/amd64/libverify.so
7f98cda04000-7f98cda06000 r--p 0000c000 08:02 2622914                    /usr/lib/jvm/java-9-openjdk-amd64/lib/amd64/libverify.so
7f98cda06000-7f98cda07000 rw-p 0000e000 08:02 2622914                    /usr/lib/jvm/java-9-openjdk-amd64/lib/amd64/libverify.so
7f98cda07000-7f98cda0e000 r-xp 00000000 08:02 791406                     /lib/x86_64-linux-gnu/librt-2.23.so
7f98cda0e000-7f98cdc0d000 ---p 00007000 08:02 791406                     /lib/x86_64-linux-gnu/librt-2.23.so
7f98cdc0d000-7f98cdc0e000 r--p 00006000 08:02 791406                     /lib/x86_64-linux-gnu/librt-2.23.so
7f98cdc0e000-7f98cdc0f000 rw-p 00007000 08:02 791406                     /lib/x86_64-linux-gnu/librt-2.23.so
7f98cdc0f000-7f98cdc25000 r-xp 00000000 08:02 791125                     /lib/x86_64-linux-gnu/libgcc_s.so.1
7f98cdc25000-7f98cde24000 ---p 00016000 08:02 791125                     /lib/x86_64-linux-gnu/libgcc_s.so.1
7f98cde24000-7f98cde25000 rw-p 00015000 08:02 791125                     /lib/x86_64-linux-gnu/libgcc_s.so.1
7f98cde25000-7f98cdf2d000 r-xp 00000000 08:02 786458                     /lib/x86_64-linux-gnu/libm-2.23.so
7f98cdf2d000-7f98ce12c000 ---p 00108000 08:02 786458                     /lib/x86_64-linux-gnu/libm-2.23.so
7f98ce12c000-7f98ce12d000 r--p 00107000 08:02 786458                     /lib/x86_64-linux-gnu/libm-2.23.so
7f98ce12d000-7f98ce12e000 rw-p 00108000 08:02 786458                     /lib/x86_64-linux-gnu/libm-2.23.so
7f98ce12e000-7f98ce2a0000 r-xp 00000000 08:02 2490923                    /usr/lib/x86_64-linux-gnu/libstdc++.so.6.0.21
7f98ce2a0000-7f98ce4a0000 ---p 00172000 08:02 2490923                    /usr/lib/x86_64-linux-gnu/libstdc++.so.6.0.21
7f98ce4a0000-7f98ce4aa000 r--p 00172000 08:02 2490923                    /usr/lib/x86_64-linux-gnu/libstdc++.so.6.0.21
7f98ce4aa000-7f98ce4ac000 rw-p 0017c000 08:02 2490923                    /usr/lib/x86_64-linux-gnu/libstdc++.so.6.0.21
7f98ce4ac000-7f98ce4b0000 rw-p 00000000 00:00 0 
7f98ce4b0000-7f98cf30e000 r-xp 00000000 08:02 2622928                    /usr/lib/jvm/java-9-openjdk-amd64/lib/amd64/server/libjvm.so
7f98cf30e000-7f98cf50e000 ---p 00e5e000 08:02 2622928                    /usr/lib/jvm/java-9-openjdk-amd64/lib/amd64/server/libjvm.so
7f98cf50e000-7f98cf5c0000 r--p 00e5e000 08:02 2622928                    /usr/lib/jvm/java-9-openjdk-amd64/lib/amd64/server/libjvm.so
7f98cf5c0000-7f98cf5f2000 rw-p 00f10000 08:02 2622928                    /usr/lib/jvm/java-9-openjdk-amd64/lib/amd64/server/libjvm.so
7f98cf5f2000-7f98cf637000 rw-p 00000000 00:00 0 
7f98cf637000-7f98cf64f000 r-xp 00000000 08:02 791209                     /lib/x86_64-linux-gnu/libpthread-2.23.so
7f98cf64f000-7f98cf84e000 ---p 00018000 08:02 791209                     /lib/x86_64-linux-gnu/libpthread-2.23.so
7f98cf84e000-7f98cf84f000 r--p 00017000 08:02 791209                     /lib/x86_64-linux-gnu/libpthread-2.23.so
7f98cf84f000-7f98cf850000 rw-p 00018000 08:02 791209                     /lib/x86_64-linux-gnu/libpthread-2.23.so
7f98cf850000-7f98cf854000 rw-p 00000000 00:00 0 
7f98cf854000-7f98cf857000 r-xp 00000000 08:02 791390                     /lib/x86_64-linux-gnu/libdl-2.23.so
7f98cf857000-7f98cfa56000 ---p 00003000 08:02 791390                     /lib/x86_64-linux-gnu/libdl-2.23.so
7f98cfa56000-7f98cfa57000 r--p 00002000 08:02 791390                     /lib/x86_64-linux-gnu/libdl-2.23.so
7f98cfa57000-7f98cfa58000 rw-p 00003000 08:02 791390                     /lib/x86_64-linux-gnu/libdl-2.23.so
7f98cfa58000-7f98cfa71000 r-xp 00000000 08:02 791278                     /lib/x86_64-linux-gnu/libz.so.1.2.8
7f98cfa71000-7f98cfc70000 ---p 00019000 08:02 791278                     /lib/x86_64-linux-gnu/libz.so.1.2.8
7f98cfc70000-7f98cfc71000 r--p 00018000 08:02 791278                     /lib/x86_64-linux-gnu/libz.so.1.2.8
7f98cfc71000-7f98cfc72000 rw-p 00019000 08:02 791278                     /lib/x86_64-linux-gnu/libz.so.1.2.8
7f98cfc72000-7f98cfe32000 r-xp 00000000 08:02 791388                     /lib/x86_64-linux-gnu/libc-2.23.so
7f98cfe32000-7f98d0032000 ---p 001c0000 08:02 791388                     /lib/x86_64-linux-gnu/libc-2.23.so
7f98d0032000-7f98d0036000 r--p 001c0000 08:02 791388                     /lib/x86_64-linux-gnu/libc-2.23.so
7f98d0036000-7f98d0038000 rw-p 001c4000 08:02 791388                     /lib/x86_64-linux-gnu/libc-2.23.so
7f98d0038000-7f98d003c000 rw-p 00000000 00:00 0 
7f98d003c000-7f98d004a000 r-xp 00000000 08:02 2622974                    /usr/lib/jvm/java-9-openjdk-amd64/lib/amd64/jli/libjli.so
7f98d004a000-7f98d0249000 ---p 0000e000 08:02 2622974                    /usr/lib/jvm/java-9-openjdk-amd64/lib/amd64/jli/libjli.so
7f98d0249000-7f98d024a000 r--p 0000d000 08:02 2622974                    /usr/lib/jvm/java-9-openjdk-amd64/lib/amd64/jli/libjli.so
7f98d024a000-7f98d024b000 rw-p 0000e000 08:02 2622974                    /usr/lib/jvm/java-9-openjdk-amd64/lib/amd64/jli/libjli.so
7f98d024b000-7f98d0271000 r-xp 00000000 08:02 791208                     /lib/x86_64-linux-gnu/ld-2.23.so
7f98d0275000-7f98d034f000 rw-p 00000000 00:00 0 
7f98d034f000-7f98d0353000 ---p 00000000 00:00 0 
7f98d0353000-7f98d0454000 rw-p 00000000 00:00 0 
7f98d0459000-7f98d045e000 rw-p 00000000 00:00 0 
7f98d045e000-7f98d0465000 ---p 00000000 00:00 0 
7f98d0465000-7f98d046d000 rw-s 00000000 08:02 4101442                    /tmp/hsperfdata_ru/31770
7f98d046d000-7f98d046e000 rw-p 00000000 00:00 0 
7f98d046e000-7f98d046f000 r--p 00000000 00:00 0 
7f98d046f000-7f98d0470000 rw-p 00000000 00:00 0 
7f98d0470000-7f98d0471000 r--p 00025000 08:02 791208                     /lib/x86_64-linux-gnu/ld-2.23.so
7f98d0471000-7f98d0472000 rw-p 00026000 08:02 791208                     /lib/x86_64-linux-gnu/ld-2.23.so
7f98d0472000-7f98d0473000 rw-p 00000000 00:00 0 
7ffd80ea5000-7ffd80ec8000 rw-p 00000000 00:00 0                          [stack]
7ffd80f90000-7ffd80f93000 r--p 00000000 00:00 0                          [vvar]
7ffd80f93000-7ffd80f95000 r-xp 00000000 00:00 0                          [vdso]
ffffffffff600000-ffffffffff601000 r-xp 00000000 00:00 0                  [vsyscall]

VM Arguments:
jvm_args: -Dfile.encoding=UTF-8 -XX:-OmitStackTraceInFastThrow -XX:+TieredCompilation -XX:TieredStopAtLevel=1 -Dclojure.compile.path=/home/ru/clojure/flights-pro/target/classes -Dfligts-pro.version=0.1.0-SNAPSHOT -Dclojure.debug=false 
java_command: clojure.main -i /tmp/form-init2288605588386596069.clj
java_class_path (initial): /home/ru/clojure/flights-pro/test:/home/ru/clojure/flights-pro/src:/home/ru/clojure/flights-pro/dev-resources:/home/ru/clojure/flights-pro/resources:/home/ru/clojure/flights-pro/target/classes:/home/ru/.m2/repository/clj-time/clj-time/0.11.0/clj-time-0.11.0.jar:/home/ru/.m2/repository/com/cognitect/transit-clj/0.8.300/transit-clj-0.8.300.jar:/home/ru/.m2/repository/com/fasterxml/jackson/core/jackson-core/2.8.7/jackson-core-2.8.7.jar:/home/ru/.m2/repository/org/clojure/clojure/1.8.0/clojure-1.8.0.jar:/home/ru/.m2/repository/clj-json/clj-json/0.5.3/clj-json-0.5.3.jar:/home/ru/.m2/repository/org/msgpack/msgpack/0.6.12/msgpack-0.6.12.jar:/home/ru/.m2/repository/instaparse/instaparse/1.4.0/instaparse-1.4.0.jar:/home/ru/.m2/repository/org/eclipse/jetty/jetty-server/9.2.17.v20160517/jetty-server-9.2.17.v20160517.jar:/home/ru/.m2/repository/net/colourcoding/poppea/0.2.1/poppea-0.2.1.jar:/home/ru/.m2/repository/tigris/tigris/0.1.1/tigris-0.1.1.jar:/home/ru/.m2/repository/commons-io/commons-io/2.5/commons-io-2.5.jar:/home/ru/.m2/repository/org/clojure/clojurescript/1.9.521/clojurescript-1.9.521.jar:/home/ru/.m2/repository/org/apache/httpcomponents/httpcore-nio/4.4.4/httpcore-nio-4.4.4.jar:/home/ru/.m2/repository/protege/JGoLayout/3.5.0/JGoLayout-3.5.0.jar:/home/ru/.m2/repository/org/clojure/tools.macro/0.1.5/tools.macro-0.1.5.jar:/home/ru/.m2/repository/nightlight/nightlight/1.1.0/nightlight-1.1.0.jar:/home/ru/.m2/repository/com/google/javascript/closure-compiler-externs/v20170409/closure-compiler-externs-v20170409.jar:/home/ru/.m2/repository/compliment/compliment/0.3.1/compliment-0.3.1.jar:/home/ru/.m2/repository/com/google/guava/guava/20.0/guava-20.0.jar:/home/ru/.m2/repository/com/cognitect/transit-cljs/0.8.239/transit-cljs-0.8.239.jar:/home/ru/.m2/repository/com/google/code/gson/gson/2.7/gson-2.7.jar:/home/ru/.m2/repository/ring/ring-codec/1.0.1/ring-codec-1.0.1.jar:/home/ru/.m2/repository/com/fasterxml/jackson/dataformat/jackson-dataformat-sm
Launcher Type: SUN_STANDARD

Environment Variables:
CLASSPATH=/home/ru/.lein/self-installs/leiningen-2.8.1-standalone.jar
PATH=/home/ru/bin:/home/ru/.local/bin:/usr/local/sbin:/usr/local/bin:/usr/sbin:/usr/bin:/sbin:/bin:/usr/games:/usr/local/games
SHELL=/bin/bash
DISPLAY=:0

Signal Handlers:
SIGSEGV: [libjvm.so+0xc12c20], sa_mask[0]=11111111011111111101111111111110, sa_flags=SA_RESTART|SA_SIGINFO
SIGBUS: [libjvm.so+0xc12c20], sa_mask[0]=11111111011111111101111111111110, sa_flags=SA_RESTART|SA_SIGINFO
SIGFPE: [libjvm.so+0xc12c20], sa_mask[0]=11111111011111111101111111111110, sa_flags=SA_RESTART|SA_SIGINFO
SIGPIPE: [libjvm.so+0xa3b600], sa_mask[0]=11111111011111111101111111111110, sa_flags=SA_RESTART|SA_SIGINFO
SIGXFSZ: [libjvm.so+0xa3b600], sa_mask[0]=11111111011111111101111111111110, sa_flags=SA_RESTART|SA_SIGINFO
SIGILL: [libjvm.so+0xc12c20], sa_mask[0]=11111111011111111101111111111110, sa_flags=SA_RESTART|SA_SIGINFO
SIGUSR2: [libjvm.so+0xa3b4a0], sa_mask[0]=00100000000000000000000000000000, sa_flags=SA_RESTART|SA_SIGINFO
SIGHUP: [libjvm.so+0xa3b870], sa_mask[0]=11111111011111111101111111111110, sa_flags=SA_RESTART|SA_SIGINFO
SIGINT: [libjvm.so+0xa3b870], sa_mask[0]=11111111011111111101111111111110, sa_flags=SA_RESTART|SA_SIGINFO
SIGTERM: [libjvm.so+0xa3b870], sa_mask[0]=11111111011111111101111111111110, sa_flags=SA_RESTART|SA_SIGINFO
SIGQUIT: [libjvm.so+0xa3b870], sa_mask[0]=11111111011111111101111111111110, sa_flags=SA_RESTART|SA_SIGINFO


---------------  S Y S T E M  ---------------

OS:DISTRIB_ID=LinuxMint
DISTRIB_RELEASE=18.3
DISTRIB_CODENAME=sylvia
DISTRIB_DESCRIPTION="Linux Mint 18.3 Sylvia"
uname:Linux 4.13.0-41-generic #46~16.04.1-Ubuntu SMP Thu May 3 10:06:43 UTC 2018 x86_64
libc:glibc 2.23 NPTL 2.23 
rlimit: STACK 8192k, CORE 0k, NPROC 27239, NOFILE 1048576, AS infinity
load average:10,36 5,98 2,93

/proc/meminfo:
MemTotal:        7070172 kB
MemFree:          249260 kB
MemAvailable:    4600240 kB
Buffers:          183208 kB
Cached:          4288168 kB
SwapCached:            0 kB
Active:          2885280 kB
Inactive:        3497440 kB
Active(anon):    1818656 kB
Inactive(anon):   145440 kB
Active(file):    1066624 kB
Inactive(file):  3352000 kB
Unevictable:          32 kB
Mlocked:              32 kB
SwapTotal:       7272444 kB
SwapFree:        7272444 kB
Dirty:               612 kB
Writeback:             0 kB
AnonPages:       1911480 kB
Mapped:           475728 kB
Shmem:            132568 kB
Slab:             280428 kB
SReclaimable:     238188 kB
SUnreclaim:        42240 kB
KernelStack:       12000 kB
PageTables:        48612 kB
NFS_Unstable:          0 kB
Bounce:                0 kB
WritebackTmp:          0 kB
CommitLimit:    10807528 kB
Committed_AS:    8006956 kB
VmallocTotal:   34359738367 kB
VmallocUsed:           0 kB
VmallocChunk:          0 kB
HardwareCorrupted:     0 kB
AnonHugePages:         0 kB
ShmemHugePages:        0 kB
ShmemPmdMapped:        0 kB
CmaTotal:              0 kB
CmaFree:               0 kB
HugePages_Total:       0
HugePages_Free:        0
HugePages_Rsvd:        0
HugePages_Surp:        0
Hugepagesize:       2048 kB
DirectMap4k:      193796 kB
DirectMap2M:     6031360 kB
DirectMap1G:     1048576 kB


CPU:total 4 (4 cores per cpu, 1 threads per core) family 22 model 48 stepping 1, cmov, cx8, fxsr, mmx, sse, sse2, sse3, ssse3, sse4.1, sse4.2, popcnt, avx, aes, clmul, mmxext, 3dnowpref, lzcnt, sse4a, tsc, tscinvbit, tscinv, bmi1

CPU Model and flags from /proc/cpuinfo:
model name	: AMD A4-6210 APU with AMD Radeon R3 Graphics
flags		: fpu vme de pse tsc msr pae mce cx8 apic sep mtrr pge mca cmov pat pse36 clflush mmx fxsr sse sse2 ht syscall nx mmxext fxsr_opt pdpe1gb rdtscp lm constant_tsc rep_good acc_power nopl nonstop_tsc cpuid extd_apicid aperfmperf pni pclmulqdq monitor ssse3 cx16 sse4_1 sse4_2 movbe popcnt aes xsave avx f16c rdrand lahf_lm cmp_legacy svm extapic cr8_legacy abm sse4a misalignsse 3dnowprefetch osvw ibs skinit wdt topoext perfctr_nb bpext ptsc perfctr_l2 hw_pstate retpoline retpoline_amd rsb_ctxsw vmmcall bmi1 xsaveopt arat npt lbrv svm_lock nrip_save tsc_scale flushbyasid decodeassists pausefilter pfthreshold overflow_recov

Memory: 4k page, physical 7070172k(249260k free), swap 7272444k(7272444k free)

vm_info: OpenJDK 64-Bit Server VM (9-internal+0-2016-04-14-195246.buildd.src) for linux-amd64 JRE (9-internal+0-2016-04-14-195246.buildd.src), built on Apr 14 2016 20:05:37 by "buildd" with gcc 5.3.1 20160413

END.
