2016.11.12 17:25:17.467 MSK INFO: *** SYSTEM START ***
2016.11.12 17:25:19.888 MSK WARNING: missing bundle: protege_text -- BundleHelper.<init>()
2016.11.12 17:25:32.918 MSK INFO: Load time for file:/Users/ru/clojure/fligts-pro/pro-projects/FlightPro.pprj = 0 sec (project) + 4 sec (ui) -- ProjectManager$3.run()
2016.11.12 18:20:27.749 MSK INFO: *** SYSTEM START ***
2016.11.12 18:20:28.643 MSK WARNING: missing bundle: protege_text -- BundleHelper.<init>()
2016.11.12 18:20:35.708 MSK INFO: Load time for file:/Users/ru/clojure/fligts-pro/pro-projects/FlightPro.pprj = 0 sec (project) + 3 sec (ui) -- ProjectManager$3.run()
2016.11.12 18:51:35.222 MSK INFO: *** SYSTEM START ***
2016.11.12 18:51:36.086 MSK WARNING: missing bundle: protege_text -- BundleHelper.<init>()
2016.11.12 18:51:43.294 MSK INFO: Load time for file:/Users/ru/clojure/fligts-pro/pro-projects/FlightPro.pprj = 0 sec (project) + 2 sec (ui) -- ProjectManager$3.run()
2016.11.12 18:58:57.450 MSK INFO: *** SYSTEM START ***
2016.11.12 18:58:58.202 MSK WARNING: missing bundle: protege_text -- BundleHelper.<init>()
2016.11.12 18:59:07.635 MSK INFO: Load time for file:/Users/ru/clojure/fligts-pro/pro-projects/FlightPro.pprj = 0 sec (project) + 2 sec (ui) -- ProjectManager$3.run()
2016.11.12 19:02:02.596 MSK INFO: *** SYSTEM START ***
2016.11.12 19:02:03.341 MSK WARNING: missing bundle: protege_text -- BundleHelper.<init>()
2016.11.12 19:02:08.946 MSK INFO: Load time for file:/Users/ru/clojure/fligts-pro/pro-projects/FlightPro.pprj = 0 sec (project) + 2 sec (ui) -- ProjectManager$3.run()
2016.11.12 19:07:43.900 MSK INFO: *** SYSTEM START ***
2016.11.12 19:07:44.649 MSK WARNING: missing bundle: protege_text -- BundleHelper.<init>()
2016.11.12 19:07:49.904 MSK INFO: Load time for file:/Users/ru/clojure/fligts-pro/pro-projects/FlightPro.pprj = 0 sec (project) + 2 sec (ui) -- ProjectManager$3.run()
2016.11.12 19:23:24.005 MSK INFO: *** SYSTEM START ***
2016.11.12 19:23:24.806 MSK WARNING: missing bundle: protege_text -- BundleHelper.<init>()
2016.11.12 19:23:33.012 MSK INFO: Load time for file:/Users/ru/clojure/fligts-pro/pro-projects/FlightPro.pprj = 0 sec (project) + 2 sec (ui) -- ProjectManager$3.run()
2016.11.12 21:33:05.823 MSK INFO: *** SYSTEM START ***
2016.11.12 21:33:06.605 MSK WARNING: missing bundle: protege_text -- BundleHelper.<init>()
2016.11.12 21:33:12.741 MSK INFO: Load time for file:/Users/ru/clojure/fligts-pro/pro-projects/FlightPro.pprj = 0 sec (project) + 2 sec (ui) -- ProjectManager$3.run()
2016.11.12 21:44:48.934 MSK INFO: *** SYSTEM START ***
2016.11.12 21:44:49.687 MSK WARNING: missing bundle: protege_text -- BundleHelper.<init>()
2016.11.12 21:44:54.823 MSK INFO: Load time for file:/Users/ru/clojure/fligts-pro/pro-projects/FlightPro.pprj = 0 sec (project) + 2 sec (ui) -- ProjectManager$3.run()
2016.11.12 21:49:36.196 MSK INFO: *** SYSTEM START ***
2016.11.12 21:49:36.950 MSK WARNING: missing bundle: protege_text -- BundleHelper.<init>()
2016.11.12 21:49:42.426 MSK INFO: Load time for file:/Users/ru/clojure/fligts-pro/pro-projects/FlightPro.pprj = 0 sec (project) + 2 sec (ui) -- ProjectManager$3.run()
2016.11.12 21:56:22.491 MSK INFO: *** SYSTEM START ***
2016.11.12 21:56:23.267 MSK WARNING: missing bundle: protege_text -- BundleHelper.<init>()
2016.11.12 21:56:29.591 MSK INFO: Load time for file:/Users/ru/clojure/fligts-pro/pro-projects/FlightPro.pprj = 0 sec (project) + 2 sec (ui) -- ProjectManager$3.run()
2016.11.12 22:02:28.492 MSK INFO: *** SYSTEM START ***
2016.11.12 22:02:29.416 MSK WARNING: missing bundle: protege_text -- BundleHelper.<init>()
2016.11.12 22:02:35.152 MSK INFO: Load time for file:/Users/ru/clojure/fligts-pro/pro-projects/FlightPro.pprj = 0 sec (project) + 2 sec (ui) -- ProjectManager$3.run()
2016.11.12 22:06:30.087 MSK INFO: *** SYSTEM START ***
2016.11.12 22:06:30.894 MSK WARNING: missing bundle: protege_text -- BundleHelper.<init>()
2016.11.12 22:06:36.381 MSK INFO: Load time for file:/Users/ru/clojure/fligts-pro/pro-projects/FlightPro.pprj = 0 sec (project) + 2 sec (ui) -- ProjectManager$3.run()
2016.11.12 22:11:46.570 MSK INFO: *** SYSTEM START ***
2016.11.12 22:11:47.355 MSK WARNING: missing bundle: protege_text -- BundleHelper.<init>()
2016.11.12 22:11:52.915 MSK INFO: Load time for file:/Users/ru/clojure/fligts-pro/pro-projects/FlightPro.pprj = 0 sec (project) + 3 sec (ui) -- ProjectManager$3.run()
2016.11.14 11:27:57.169 MSK INFO: *** SYSTEM START ***
2016.11.14 11:27:58.961 MSK WARNING: missing bundle: protege_text -- BundleHelper.<init>()
2016.11.14 11:28:10.252 MSK INFO: Load time for file:/Users/ru/clojure/fligts-pro/pro-projects/FlightPro.pprj = 0 sec (project) + 4 sec (ui) -- ProjectManager$3.run()
2016.11.14 17:40:38.052 MSK INFO: *** SYSTEM START ***
2016.11.14 17:40:39.023 MSK WARNING: missing bundle: protege_text -- BundleHelper.<init>()
2016.11.14 17:40:47.051 MSK INFO: Load time for file:/Users/ru/clojure/fligts-pro/pro-projects/FlightPro.pprj = 0 sec (project) + 2 sec (ui) -- ProjectManager$3.run()
2016.11.14 20:52:37.815 MSK INFO: *** SYSTEM START ***
2016.11.14 20:52:38.727 MSK WARNING: missing bundle: protege_text -- BundleHelper.<init>()
2016.11.14 20:52:44.458 MSK INFO: Load time for file:/Users/ru/clojure/fligts-pro/pro-projects/FlightPro.pprj = 0 sec (project) + 2 sec (ui) -- ProjectManager$3.run()
2016.11.22 17:26:48.683 MSK INFO: *** SYSTEM START ***
2016.11.22 17:26:50.317 MSK WARNING: missing bundle: protege_text -- BundleHelper.<init>()
2016.11.22 17:27:02.471 MSK INFO: Load time for file:/Users/ru/clojure/fligts-pro/pro-projects/FlightPro.pprj = 0 sec (project) + 4 sec (ui) -- ProjectManager$3.run()
2016.11.23 13:50:20.480 MSK INFO: *** SYSTEM START ***
2016.11.23 13:50:21.749 MSK WARNING: missing bundle: protege_text -- BundleHelper.<init>()
2016.11.23 13:50:31.940 MSK INFO: Load time for file:/Users/ru/clojure/fligts-pro/pro-projects/FlightPro.pprj = 0 sec (project) + 3 sec (ui) -- ProjectManager$3.run()
2016.11.23 18:25:25.384 MSK INFO: *** SYSTEM START ***
2016.11.23 18:25:26.336 MSK WARNING: missing bundle: protege_text -- BundleHelper.<init>()
2016.11.23 18:25:34.880 MSK INFO: Load time for file:/Users/ru/clojure/fligts-pro/pro-projects/FlightPro.pprj = 0 sec (project) + 2 sec (ui) -- ProjectManager$3.run()
2016.11.23 18:27:59.610 MSK INFO: *** SYSTEM START ***
2016.11.23 18:28:00.351 MSK WARNING: missing bundle: protege_text -- BundleHelper.<init>()
2016.11.23 18:28:06.859 MSK INFO: Load time for file:/Users/ru/clojure/fligts-pro/pro-projects/FlightPro.pprj = 0 sec (project) + 2 sec (ui) -- ProjectManager$3.run()
2016.11.23 18:29:31.361 MSK INFO: *** SYSTEM START ***
2016.11.23 18:29:32.106 MSK WARNING: missing bundle: protege_text -- BundleHelper.<init>()
2016.11.23 18:29:38.216 MSK INFO: Load time for file:/Users/ru/clojure/fligts-pro/pro-projects/FlightPro.pprj = 0 sec (project) + 2 sec (ui) -- ProjectManager$3.run()
2016.11.23 18:44:02.860 MSK INFO: *** SYSTEM START ***
2016.11.23 18:44:03.604 MSK WARNING: missing bundle: protege_text -- BundleHelper.<init>()
2016.11.23 18:44:10.646 MSK INFO: Load time for file:/Users/ru/clojure/fligts-pro/pro-projects/FlightPro.pprj = 0 sec (project) + 2 sec (ui) -- ProjectManager$3.run()
2016.11.23 20:41:49.091 MSK INFO: *** SYSTEM START ***
2016.11.23 20:41:49.894 MSK WARNING: missing bundle: protege_text -- BundleHelper.<init>()
2016.11.23 20:41:58.744 MSK INFO: Load time for file:/Users/ru/clojure/fligts-pro/pro-projects/FlightPro.pprj = 0 sec (project) + 2 sec (ui) -- ProjectManager$3.run()
2016.11.23 20:54:49.906 MSK INFO: *** SYSTEM START ***
2016.11.23 20:54:50.655 MSK WARNING: missing bundle: protege_text -- BundleHelper.<init>()
2016.11.23 20:54:56.336 MSK INFO: Load time for file:/Users/ru/clojure/fligts-pro/pro-projects/FlightPro.pprj = 0 sec (project) + 2 sec (ui) -- ProjectManager$3.run()
2016.11.23 20:57:46.915 MSK INFO: *** SYSTEM START ***
2016.11.23 20:57:47.651 MSK WARNING: missing bundle: protege_text -- BundleHelper.<init>()
2016.11.23 20:57:53.824 MSK INFO: Load time for file:/Users/ru/clojure/fligts-pro/pro-projects/FlightPro.pprj = 0 sec (project) + 2 sec (ui) -- ProjectManager$3.run()
2016.11.23 21:03:22.591 MSK INFO: *** SYSTEM START ***
2016.11.23 21:03:23.343 MSK WARNING: missing bundle: protege_text -- BundleHelper.<init>()
2016.11.23 21:03:29.195 MSK INFO: Load time for file:/Users/ru/clojure/fligts-pro/pro-projects/FlightPro.pprj = 0 sec (project) + 2 sec (ui) -- ProjectManager$3.run()
2016.11.23 21:32:46.864 MSK INFO: *** SYSTEM START ***
2016.11.23 21:32:47.718 MSK WARNING: missing bundle: protege_text -- BundleHelper.<init>()
2016.11.23 21:32:53.457 MSK INFO: Load time for file:/Users/ru/clojure/fligts-pro/pro-projects/FlightPro.pprj = 0 sec (project) + 2 sec (ui) -- ProjectManager$3.run()
2016.11.24 17:45:14.211 MSK INFO: *** SYSTEM START ***
2016.11.24 17:45:15.383 MSK WARNING: missing bundle: protege_text -- BundleHelper.<init>()
2016.11.24 17:45:23.503 MSK INFO: Load time for file:/Users/ru/clojure/fligts-pro/pro-projects/FlightPro.pprj = 0 sec (project) + 4 sec (ui) -- ProjectManager$3.run()
2016.11.25 12:43:26.516 MSK INFO: *** SYSTEM START ***
2016.11.25 12:43:28.130 MSK WARNING: missing bundle: protege_text -- BundleHelper.<init>()
2016.11.25 12:43:44.805 MSK INFO: Load time for file:/Users/ru/clojure/fligts-pro/pro-projects/FlightPro.pprj = 0 sec (project) + 4 sec (ui) -- ProjectManager$3.run()
2016.11.25 13:17:27.729 MSK INFO: *** SYSTEM START ***
2016.11.25 13:17:28.690 MSK WARNING: missing bundle: protege_text -- BundleHelper.<init>()
2016.11.25 13:17:35.523 MSK INFO: Load time for file:/Users/ru/clojure/fligts-pro/pro-projects/FlightPro.pprj = 0 sec (project) + 2 sec (ui) -- ProjectManager$3.run()
2016.11.25 13:26:45.356 MSK INFO: *** SYSTEM START ***
2016.11.25 13:26:46.115 MSK WARNING: missing bundle: protege_text -- BundleHelper.<init>()
2016.11.25 13:26:50.959 MSK INFO: Load time for file:/Users/ru/clojure/fligts-pro/pro-projects/FlightPro.pprj = 0 sec (project) + 2 sec (ui) -- ProjectManager$3.run()
2016.11.25 14:36:10.130 MSK INFO: *** SYSTEM START ***
2016.11.25 14:36:11.122 MSK WARNING: missing bundle: protege_text -- BundleHelper.<init>()
2016.11.25 14:36:18.624 MSK INFO: Load time for file:/Users/ru/clojure/fligts-pro/pro-projects/FlightPro.pprj = 0 sec (project) + 2 sec (ui) -- ProjectManager$3.run()
2016.11.25 14:41:21.402 MSK INFO: *** SYSTEM START ***
2016.11.25 14:41:22.169 MSK WARNING: missing bundle: protege_text -- BundleHelper.<init>()
2016.11.25 14:41:27.607 MSK INFO: Load time for file:/Users/ru/clojure/fligts-pro/pro-projects/FlightPro.pprj = 0 sec (project) + 2 sec (ui) -- ProjectManager$3.run()
2016.11.25 16:04:03.864 MSK INFO: *** SYSTEM START ***
2016.11.25 16:04:05.052 MSK WARNING: missing bundle: protege_text -- BundleHelper.<init>()
2016.11.25 16:04:11.384 MSK INFO: Load time for file:/Users/ru/clojure/fligts-pro/pro-projects/FlightPro.pprj = 0 sec (project) + 2 sec (ui) -- ProjectManager$3.run()
2016.11.28 12:57:10.805 MSK INFO: *** SYSTEM START ***
2016.11.28 12:57:12.383 MSK WARNING: missing bundle: protege_text -- BundleHelper.<init>()
2016.11.28 12:57:23.521 MSK INFO: Load time for file:/Users/ru/clojure/fligts-pro/pro-projects/FlightPro.pprj = 0 sec (project) + 4 sec (ui) -- ProjectManager$3.run()
2016.11.28 17:33:45.603 MSK INFO: *** SYSTEM START ***
2016.11.28 17:33:46.641 MSK WARNING: missing bundle: protege_text -- BundleHelper.<init>()
2016.11.28 17:33:51.984 MSK INFO: Load time for file:/Users/ru/clojure/fligts-pro/pro-projects/FlightPro.pprj = 0 sec (project) + 2 sec (ui) -- ProjectManager$3.run()
2016.11.28 18:18:59.991 MSK INFO: *** SYSTEM START ***
2016.11.28 18:19:01.016 MSK WARNING: missing bundle: protege_text -- BundleHelper.<init>()
2016.11.28 18:19:06.753 MSK INFO: Load time for file:/Users/ru/clojure/fligts-pro/pro-projects/FlightPro.pprj = 0 sec (project) + 2 sec (ui) -- ProjectManager$3.run()
2017.03.09 13:30:38.207 MSK INFO: *** SYSTEM START ***
2017.03.09 17:14:21.819 MSK INFO: *** SYSTEM START ***
2017.03.09 17:16:23.850 MSK INFO: *** SYSTEM START ***
2017.03.09 17:20:11.640 MSK INFO: *** SYSTEM START ***
2017.03.09 17:24:38.940 MSK INFO: *** SYSTEM START ***
2017.03.09 17:24:39.801 MSK WARNING: missing bundle: protege_text -- BundleHelper.<init>()
2017.03.09 17:25:04.706 MSK INFO: Project load time for file:/Users/ru/clojure/fligts-pro/pro-projects/WikipediaGIS.pprj: 0 sec -- ProjectChooser.loadProject()
2017.03.09 17:25:07.267 MSK INFO: UI display time = 2 sec -- ProjectManager$2.run()
2017.03.09 17:27:22.007 MSK INFO: Load time for file:/Users/ru/clojure/fligts-pro/pro-projects/OSMData.pprj = 0 sec (project) + 0 sec (ui) -- ProjectManager$3.run()
2018.02.10 12:13:03.627 MSK INFO: *** SYSTEM START ***
2018.02.10 12:13:05.460 MSK WARNING: missing bundle: protege_text -- BundleHelper.<init>()
2018.02.10 12:13:21.867 MSK INFO: Load time for file:/Users/ru/clojure/flights-pro/pro-projects/FlightPro.pprj = 0 sec (project) + 3 sec (ui) -- ProjectManager$3.run()
